#Packing pin usage report
Type: io
	Input Pin Usage:
		Max: 1.00 (0.50)
		Avg: 0.50 (0.25)
		Min: 0.00 (0.00)
		Histogram:
		[        0:      0.2) 560 (50.0%) |***********************************************
		[      0.2:      0.4)   0 ( 0.0%) |
		[      0.4:      0.6)   0 ( 0.0%) |
		[      0.6:      0.8)   0 ( 0.0%) |
		[      0.8:        1) 560 (50.0%) |***********************************************
		[        1:      1.2)   0 ( 0.0%) |
		[      1.2:      1.4)   0 ( 0.0%) |
		[      1.4:      1.6)   0 ( 0.0%) |
		[      1.6:      1.8)   0 ( 0.0%) |
		[      1.8:        2)   0 ( 0.0%) |
	Output Pin Usage:
		Max: 1.00 (1.00)
		Avg: 0.50 (0.50)
		Min: 0.00 (0.00)
		Histogram:
		[        0:      0.1) 560 (50.0%) |***********************************************
		[      0.1:      0.2)   0 ( 0.0%) |
		[      0.2:      0.3)   0 ( 0.0%) |
		[      0.3:      0.4)   0 ( 0.0%) |
		[      0.4:      0.5)   0 ( 0.0%) |
		[      0.5:      0.6)   0 ( 0.0%) |
		[      0.6:      0.7)   0 ( 0.0%) |
		[      0.7:      0.8)   0 ( 0.0%) |
		[      0.8:      0.9)   0 ( 0.0%) |
		[      0.9:        1) 560 (50.0%) |***********************************************

Type: clb
	Input Pin Usage:
		Max: 32.00 (0.78)
		Avg: 19.82 (0.48)
		Min: 2.00 (0.05)
		Histogram:
		[        0:      4.1)   7 ( 1.4%) |**
		[      4.1:      8.2)   6 ( 1.2%) |*
		[      8.2:       12)  20 ( 3.9%) |*****
		[       12:       16)  57 (11.2%) |**************
		[       16:       20) 194 (38.0%) |***********************************************
		[       20:       25) 156 (30.6%) |**************************************
		[       25:       29)  57 (11.2%) |**************
		[       29:       33)  13 ( 2.5%) |***
		[       33:       37)   0 ( 0.0%) |
		[       37:       41)   0 ( 0.0%) |
	Output Pin Usage:
		Max: 20.00 (1.00)
		Avg: 10.05 (0.50)
		Min: 1.00 (0.05)
		Histogram:
		[        0:        2)  11 ( 2.2%) |****
		[        2:        4)   5 ( 1.0%) |**
		[        4:        6)  59 (11.6%) |********************
		[        6:        8) 139 (27.3%) |***********************************************
		[        8:       10) 118 (23.1%) |****************************************
		[       10:       12)  50 ( 9.8%) |*****************
		[       12:       14)  39 ( 7.6%) |*************
		[       14:       16)  32 ( 6.3%) |***********
		[       16:       18)  42 ( 8.2%) |**************
		[       18:       20)  15 ( 2.9%) |*****

Type: mult_36
	Input Pin Usage:
		Max: 28.00 (0.39)
		Avg: 28.00 (0.39)
		Min: 28.00 (0.39)
		Histogram:
		[        0:      7.2) 0 ( 0.0%) |
		[      7.2:       14) 0 ( 0.0%) |
		[       14:       22) 0 ( 0.0%) |
		[       22:       29) 5 (100.0%) |*************************************************
		[       29:       36) 0 ( 0.0%) |
		[       36:       43) 0 ( 0.0%) |
		[       43:       50) 0 ( 0.0%) |
		[       50:       58) 0 ( 0.0%) |
		[       58:       65) 0 ( 0.0%) |
		[       65:       72) 0 ( 0.0%) |
	Output Pin Usage:
		Max: 28.00 (0.39)
		Avg: 28.00 (0.39)
		Min: 28.00 (0.39)
		Histogram:
		[        0:      7.2) 0 ( 0.0%) |
		[      7.2:       14) 0 ( 0.0%) |
		[       14:       22) 0 ( 0.0%) |
		[       22:       29) 5 (100.0%) |*************************************************
		[       29:       36) 0 ( 0.0%) |
		[       36:       43) 0 ( 0.0%) |
		[       43:       50) 0 ( 0.0%) |
		[       50:       58) 0 ( 0.0%) |
		[       58:       65) 0 ( 0.0%) |
		[       65:       72) 0 ( 0.0%) |

