#Packing pin usage report
Type: io
	Input Pin Usage:
		Max: 1.00 (0.50)
		Avg: 0.50 (0.25)
		Min: 0.00 (0.00)
		Histogram:
		[        0:      0.2) 560 (50.0%) |***********************************************
		[      0.2:      0.4)   0 ( 0.0%) |
		[      0.4:      0.6)   0 ( 0.0%) |
		[      0.6:      0.8)   0 ( 0.0%) |
		[      0.8:        1) 560 (50.0%) |***********************************************
		[        1:      1.2)   0 ( 0.0%) |
		[      1.2:      1.4)   0 ( 0.0%) |
		[      1.4:      1.6)   0 ( 0.0%) |
		[      1.6:      1.8)   0 ( 0.0%) |
		[      1.8:        2)   0 ( 0.0%) |
	Output Pin Usage:
		Max: 1.00 (1.00)
		Avg: 0.50 (0.50)
		Min: 0.00 (0.00)
		Histogram:
		[        0:      0.1) 560 (50.0%) |***********************************************
		[      0.1:      0.2)   0 ( 0.0%) |
		[      0.2:      0.3)   0 ( 0.0%) |
		[      0.3:      0.4)   0 ( 0.0%) |
		[      0.4:      0.5)   0 ( 0.0%) |
		[      0.5:      0.6)   0 ( 0.0%) |
		[      0.6:      0.7)   0 ( 0.0%) |
		[      0.7:      0.8)   0 ( 0.0%) |
		[      0.8:      0.9)   0 ( 0.0%) |
		[      0.9:        1) 560 (50.0%) |***********************************************

Type: clb
	Input Pin Usage:
		Max: 32.00 (0.78)
		Avg: 19.68 (0.48)
		Min: 2.00 (0.05)
		Histogram:
		[        0:      4.1)  11 ( 1.6%) |**
		[      4.1:      8.2)  15 ( 2.2%) |***
		[      8.2:       12)  26 ( 3.8%) |*****
		[       12:       16)  97 (14.0%) |*******************
		[       16:       20) 245 (35.4%) |***********************************************
		[       20:       25) 192 (27.7%) |*************************************
		[       25:       29)  81 (11.7%) |****************
		[       29:       33)  25 ( 3.6%) |*****
		[       33:       37)   0 ( 0.0%) |
		[       37:       41)   0 ( 0.0%) |
	Output Pin Usage:
		Max: 20.00 (1.00)
		Avg: 9.88 (0.49)
		Min: 1.00 (0.05)
		Histogram:
		[        0:        2)  24 ( 3.5%) |******
		[        2:        4)  13 ( 1.9%) |***
		[        4:        6)  70 (10.1%) |******************
		[        6:        8) 184 (26.6%) |***********************************************
		[        8:       10) 159 (23.0%) |*****************************************
		[       10:       12)  83 (12.0%) |*********************
		[       12:       14)  53 ( 7.7%) |**************
		[       14:       16)  39 ( 5.6%) |**********
		[       16:       18)  44 ( 6.4%) |***********
		[       18:       20)  23 ( 3.3%) |******

