#Packing pin usage report
Type: io
	Input Pin Usage:
		Max: 1.00 (0.50)
		Avg: 0.67 (0.33)
		Min: 0.00 (0.00)
		Histogram:
		[        0:      0.2) 230 (33.3%) |************************
		[      0.2:      0.4)   0 ( 0.0%) |
		[      0.4:      0.6)   0 ( 0.0%) |
		[      0.6:      0.8)   0 ( 0.0%) |
		[      0.8:        1) 460 (66.7%) |***********************************************
		[        1:      1.2)   0 ( 0.0%) |
		[      1.2:      1.4)   0 ( 0.0%) |
		[      1.4:      1.6)   0 ( 0.0%) |
		[      1.6:      1.8)   0 ( 0.0%) |
		[      1.8:        2)   0 ( 0.0%) |
	Output Pin Usage:
		Max: 1.00 (1.00)
		Avg: 0.33 (0.33)
		Min: 0.00 (0.00)
		Histogram:
		[        0:      0.1) 460 (66.7%) |***********************************************
		[      0.1:      0.2)   0 ( 0.0%) |
		[      0.2:      0.3)   0 ( 0.0%) |
		[      0.3:      0.4)   0 ( 0.0%) |
		[      0.4:      0.5)   0 ( 0.0%) |
		[      0.5:      0.6)   0 ( 0.0%) |
		[      0.6:      0.7)   0 ( 0.0%) |
		[      0.7:      0.8)   0 ( 0.0%) |
		[      0.8:      0.9)   0 ( 0.0%) |
		[      0.9:        1) 230 (33.3%) |************************

Type: clb
	Input Pin Usage:
		Max: 32.00 (0.78)
		Avg: 20.32 (0.50)
		Min: 2.00 (0.05)
		Histogram:
		[        0:      4.1)  27 ( 3.9%) |*****
		[      4.1:      8.2)  10 ( 1.4%) |**
		[      8.2:       12)  13 ( 1.9%) |**
		[       12:       16)  59 ( 8.4%) |***********
		[       16:       20) 199 (28.5%) |*************************************
		[       20:       25) 253 (36.2%) |***********************************************
		[       25:       29) 116 (16.6%) |**********************
		[       29:       33)  22 ( 3.1%) |****
		[       33:       37)   0 ( 0.0%) |
		[       37:       41)   0 ( 0.0%) |
	Output Pin Usage:
		Max: 20.00 (1.00)
		Avg: 9.79 (0.49)
		Min: 1.00 (0.05)
		Histogram:
		[        0:        2)  22 ( 3.1%) |*****
		[        2:        4)  16 ( 2.3%) |***
		[        4:        6)  82 (11.7%) |*****************
		[        6:        8) 228 (32.6%) |***********************************************
		[        8:       10) 136 (19.5%) |****************************
		[       10:       12)  62 ( 8.9%) |*************
		[       12:       14)  34 ( 4.9%) |*******
		[       14:       16)  30 ( 4.3%) |******
		[       16:       18)  36 ( 5.2%) |*******
		[       18:       20)  53 ( 7.6%) |***********

Type: mult_36
	Input Pin Usage:
		Max: 46.00 (0.64)
		Avg: 46.00 (0.64)
		Min: 46.00 (0.64)
		Histogram:
		[        0:      7.2) 0 ( 0.0%) |
		[      7.2:       14) 0 ( 0.0%) |
		[       14:       22) 0 ( 0.0%) |
		[       22:       29) 0 ( 0.0%) |
		[       29:       36) 0 ( 0.0%) |
		[       36:       43) 0 ( 0.0%) |
		[       43:       50) 2 (100.0%) |*************************************************
		[       50:       58) 0 ( 0.0%) |
		[       58:       65) 0 ( 0.0%) |
		[       65:       72) 0 ( 0.0%) |
	Output Pin Usage:
		Max: 46.00 (0.64)
		Avg: 46.00 (0.64)
		Min: 46.00 (0.64)
		Histogram:
		[        0:      7.2) 0 ( 0.0%) |
		[      7.2:       14) 0 ( 0.0%) |
		[       14:       22) 0 ( 0.0%) |
		[       22:       29) 0 ( 0.0%) |
		[       29:       36) 0 ( 0.0%) |
		[       36:       43) 0 ( 0.0%) |
		[       43:       50) 2 (100.0%) |*************************************************
		[       50:       58) 0 ( 0.0%) |
		[       58:       65) 0 ( 0.0%) |
		[       65:       72) 0 ( 0.0%) |

