#Packing pin usage report
Type: io
	Input Pin Usage:
		Max: 1.00 (0.50)
		Avg: 0.50 (0.25)
		Min: 0.00 (0.00)
		Histogram:
		[        0:      0.2) 168 (50.0%) |***********************************************
		[      0.2:      0.4)   0 ( 0.0%) |
		[      0.4:      0.6)   0 ( 0.0%) |
		[      0.6:      0.8)   0 ( 0.0%) |
		[      0.8:        1) 168 (50.0%) |***********************************************
		[        1:      1.2)   0 ( 0.0%) |
		[      1.2:      1.4)   0 ( 0.0%) |
		[      1.4:      1.6)   0 ( 0.0%) |
		[      1.6:      1.8)   0 ( 0.0%) |
		[      1.8:        2)   0 ( 0.0%) |
	Output Pin Usage:
		Max: 1.00 (1.00)
		Avg: 0.50 (0.50)
		Min: 0.00 (0.00)
		Histogram:
		[        0:      0.1) 168 (50.0%) |***********************************************
		[      0.1:      0.2)   0 ( 0.0%) |
		[      0.2:      0.3)   0 ( 0.0%) |
		[      0.3:      0.4)   0 ( 0.0%) |
		[      0.4:      0.5)   0 ( 0.0%) |
		[      0.5:      0.6)   0 ( 0.0%) |
		[      0.6:      0.7)   0 ( 0.0%) |
		[      0.7:      0.8)   0 ( 0.0%) |
		[      0.8:      0.9)   0 ( 0.0%) |
		[      0.9:        1) 168 (50.0%) |***********************************************

Type: clb
	Input Pin Usage:
		Max: 30.00 (0.73)
		Avg: 20.22 (0.49)
		Min: 6.00 (0.15)
		Histogram:
		[        0:      4.1)  0 ( 0.0%) |
		[      4.1:      8.2)  1 ( 1.5%) |**
		[      8.2:       12)  3 ( 4.5%) |******
		[       12:       16) 11 (16.4%) |**********************
		[       16:       20) 17 (25.4%) |**********************************
		[       20:       25) 24 (35.8%) |************************************************
		[       25:       29) 10 (14.9%) |********************
		[       29:       33)  1 ( 1.5%) |**
		[       33:       37)  0 ( 0.0%) |
		[       37:       41)  0 ( 0.0%) |
	Output Pin Usage:
		Max: 20.00 (1.00)
		Avg: 10.30 (0.51)
		Min: 1.00 (0.05)
		Histogram:
		[        0:        2)  1 ( 1.5%) |**
		[        2:        4)  0 ( 0.0%) |
		[        4:        6)  5 ( 7.5%) |**********
		[        6:        8) 23 (34.3%) |************************************************
		[        8:       10) 16 (23.9%) |*********************************
		[       10:       12)  6 ( 9.0%) |*************
		[       12:       14)  3 ( 4.5%) |******
		[       14:       16)  3 ( 4.5%) |******
		[       16:       18)  5 ( 7.5%) |**********
		[       18:       20)  5 ( 7.5%) |**********

Type: mult_36
	Input Pin Usage:
		Max: 28.00 (0.39)
		Avg: 28.00 (0.39)
		Min: 28.00 (0.39)
		Histogram:
		[        0:      7.2) 0 ( 0.0%) |
		[      7.2:       14) 0 ( 0.0%) |
		[       14:       22) 0 ( 0.0%) |
		[       22:       29) 4 (100.0%) |*************************************************
		[       29:       36) 0 ( 0.0%) |
		[       36:       43) 0 ( 0.0%) |
		[       43:       50) 0 ( 0.0%) |
		[       50:       58) 0 ( 0.0%) |
		[       58:       65) 0 ( 0.0%) |
		[       65:       72) 0 ( 0.0%) |
	Output Pin Usage:
		Max: 28.00 (0.39)
		Avg: 28.00 (0.39)
		Min: 28.00 (0.39)
		Histogram:
		[        0:      7.2) 0 ( 0.0%) |
		[      7.2:       14) 0 ( 0.0%) |
		[       14:       22) 0 ( 0.0%) |
		[       22:       29) 4 (100.0%) |*************************************************
		[       29:       36) 0 ( 0.0%) |
		[       36:       43) 0 ( 0.0%) |
		[       43:       50) 0 ( 0.0%) |
		[       50:       58) 0 ( 0.0%) |
		[       58:       65) 0 ( 0.0%) |
		[       65:       72) 0 ( 0.0%) |

