#Packing pin usage report
Type: io
	Input Pin Usage:
		Max: 1.00 (0.50)
		Avg: 0.67 (0.33)
		Min: 0.00 (0.00)
		Histogram:
		[        0:      0.2) 230 (33.3%) |************************
		[      0.2:      0.4)   0 ( 0.0%) |
		[      0.4:      0.6)   0 ( 0.0%) |
		[      0.6:      0.8)   0 ( 0.0%) |
		[      0.8:        1) 460 (66.7%) |***********************************************
		[        1:      1.2)   0 ( 0.0%) |
		[      1.2:      1.4)   0 ( 0.0%) |
		[      1.4:      1.6)   0 ( 0.0%) |
		[      1.6:      1.8)   0 ( 0.0%) |
		[      1.8:        2)   0 ( 0.0%) |
	Output Pin Usage:
		Max: 1.00 (1.00)
		Avg: 0.33 (0.33)
		Min: 0.00 (0.00)
		Histogram:
		[        0:      0.1) 460 (66.7%) |***********************************************
		[      0.1:      0.2)   0 ( 0.0%) |
		[      0.2:      0.3)   0 ( 0.0%) |
		[      0.3:      0.4)   0 ( 0.0%) |
		[      0.4:      0.5)   0 ( 0.0%) |
		[      0.5:      0.6)   0 ( 0.0%) |
		[      0.6:      0.7)   0 ( 0.0%) |
		[      0.7:      0.8)   0 ( 0.0%) |
		[      0.8:      0.9)   0 ( 0.0%) |
		[      0.9:        1) 230 (33.3%) |************************

Type: clb
	Input Pin Usage:
		Max: 31.00 (0.76)
		Avg: 20.60 (0.50)
		Min: 2.00 (0.05)
		Histogram:
		[        0:      4.1)  5 ( 2.5%) |***
		[      4.1:      8.2)  7 ( 3.6%) |****
		[      8.2:       12)  2 ( 1.0%) |*
		[       12:       16) 16 ( 8.1%) |*********
		[       16:       20) 45 (22.8%) |***************************
		[       20:       25) 81 (41.1%) |************************************************
		[       25:       29) 35 (17.8%) |*********************
		[       29:       33)  6 ( 3.0%) |****
		[       33:       37)  0 ( 0.0%) |
		[       37:       41)  0 ( 0.0%) |
	Output Pin Usage:
		Max: 20.00 (1.00)
		Avg: 9.86 (0.49)
		Min: 1.00 (0.05)
		Histogram:
		[        0:        2)  4 ( 2.0%) |**
		[        2:        4)  4 ( 2.0%) |**
		[        4:        6) 22 (11.2%) |**************
		[        6:        8) 77 (39.1%) |************************************************
		[        8:       10) 32 (16.2%) |********************
		[       10:       12) 13 ( 6.6%) |********
		[       12:       14)  7 ( 3.6%) |****
		[       14:       16) 10 ( 5.1%) |******
		[       16:       18) 16 ( 8.1%) |**********
		[       18:       20) 12 ( 6.1%) |*******

Type: mult_36
	Input Pin Usage:
		Max: 46.00 (0.64)
		Avg: 46.00 (0.64)
		Min: 46.00 (0.64)
		Histogram:
		[        0:      7.2) 0 ( 0.0%) |
		[      7.2:       14) 0 ( 0.0%) |
		[       14:       22) 0 ( 0.0%) |
		[       22:       29) 0 ( 0.0%) |
		[       29:       36) 0 ( 0.0%) |
		[       36:       43) 0 ( 0.0%) |
		[       43:       50) 7 (100.0%) |*************************************************
		[       50:       58) 0 ( 0.0%) |
		[       58:       65) 0 ( 0.0%) |
		[       65:       72) 0 ( 0.0%) |
	Output Pin Usage:
		Max: 46.00 (0.64)
		Avg: 46.00 (0.64)
		Min: 46.00 (0.64)
		Histogram:
		[        0:      7.2) 0 ( 0.0%) |
		[      7.2:       14) 0 ( 0.0%) |
		[       14:       22) 0 ( 0.0%) |
		[       22:       29) 0 ( 0.0%) |
		[       29:       36) 0 ( 0.0%) |
		[       36:       43) 0 ( 0.0%) |
		[       43:       50) 7 (100.0%) |*************************************************
		[       50:       58) 0 ( 0.0%) |
		[       58:       65) 0 ( 0.0%) |
		[       65:       72) 0 ( 0.0%) |

