#Packing pin usage report
Type: io
	Input Pin Usage:
		Max: 1.00 (0.50)
		Avg: 0.50 (0.25)
		Min: 0.00 (0.00)
		Histogram:
		[        0:      0.2) 920 (50.0%) |***********************************************
		[      0.2:      0.4)   0 ( 0.0%) |
		[      0.4:      0.6)   0 ( 0.0%) |
		[      0.6:      0.8)   0 ( 0.0%) |
		[      0.8:        1) 920 (50.0%) |***********************************************
		[        1:      1.2)   0 ( 0.0%) |
		[      1.2:      1.4)   0 ( 0.0%) |
		[      1.4:      1.6)   0 ( 0.0%) |
		[      1.6:      1.8)   0 ( 0.0%) |
		[      1.8:        2)   0 ( 0.0%) |
	Output Pin Usage:
		Max: 1.00 (1.00)
		Avg: 0.50 (0.50)
		Min: 0.00 (0.00)
		Histogram:
		[        0:      0.1) 920 (50.0%) |***********************************************
		[      0.1:      0.2)   0 ( 0.0%) |
		[      0.2:      0.3)   0 ( 0.0%) |
		[      0.3:      0.4)   0 ( 0.0%) |
		[      0.4:      0.5)   0 ( 0.0%) |
		[      0.5:      0.6)   0 ( 0.0%) |
		[      0.6:      0.7)   0 ( 0.0%) |
		[      0.7:      0.8)   0 ( 0.0%) |
		[      0.8:      0.9)   0 ( 0.0%) |
		[      0.9:        1) 920 (50.0%) |***********************************************

Type: clb
	Input Pin Usage:
		Max: 32.00 (0.78)
		Avg: 20.00 (0.49)
		Min: 2.00 (0.05)
		Histogram:
		[        0:      4.1)  27 ( 5.3%) |*******
		[      4.1:      8.2)   7 ( 1.4%) |**
		[      8.2:       12)   8 ( 1.6%) |**
		[       12:       16)  34 ( 6.7%) |*********
		[       16:       20) 164 (32.5%) |*******************************************
		[       20:       25) 179 (35.4%) |***********************************************
		[       25:       29)  69 (13.7%) |******************
		[       29:       33)  17 ( 3.4%) |****
		[       33:       37)   0 ( 0.0%) |
		[       37:       41)   0 ( 0.0%) |
	Output Pin Usage:
		Max: 20.00 (1.00)
		Avg: 9.70 (0.49)
		Min: 1.00 (0.05)
		Histogram:
		[        0:        2)  28 ( 5.5%) |********
		[        2:        4)  10 ( 2.0%) |***
		[        4:        6)  48 ( 9.5%) |*************
		[        6:        8) 172 (34.1%) |***********************************************
		[        8:       10)  98 (19.4%) |***************************
		[       10:       12)  35 ( 6.9%) |**********
		[       12:       14)  18 ( 3.6%) |*****
		[       14:       16)  28 ( 5.5%) |********
		[       16:       18)  33 ( 6.5%) |*********
		[       18:       20)  35 ( 6.9%) |**********

Type: mult_36
	Input Pin Usage:
		Max: 46.00 (0.64)
		Avg: 46.00 (0.64)
		Min: 46.00 (0.64)
		Histogram:
		[        0:      7.2)  0 ( 0.0%) |
		[      7.2:       14)  0 ( 0.0%) |
		[       14:       22)  0 ( 0.0%) |
		[       22:       29)  0 ( 0.0%) |
		[       29:       36)  0 ( 0.0%) |
		[       36:       43)  0 ( 0.0%) |
		[       43:       50) 15 (100.0%) |************************************************
		[       50:       58)  0 ( 0.0%) |
		[       58:       65)  0 ( 0.0%) |
		[       65:       72)  0 ( 0.0%) |
	Output Pin Usage:
		Max: 46.00 (0.64)
		Avg: 46.00 (0.64)
		Min: 46.00 (0.64)
		Histogram:
		[        0:      7.2)  0 ( 0.0%) |
		[      7.2:       14)  0 ( 0.0%) |
		[       14:       22)  0 ( 0.0%) |
		[       22:       29)  0 ( 0.0%) |
		[       29:       36)  0 ( 0.0%) |
		[       36:       43)  0 ( 0.0%) |
		[       43:       50) 15 (100.0%) |************************************************
		[       50:       58)  0 ( 0.0%) |
		[       58:       65)  0 ( 0.0%) |
		[       65:       72)  0 ( 0.0%) |

