#Packing pin usage report
Type: io
	Input Pin Usage:
		Max: 1.00 (0.50)
		Avg: 0.50 (0.25)
		Min: 0.00 (0.00)
		Histogram:
		[        0:      0.2) 96 (50.0%) |************************************************
		[      0.2:      0.4)  0 ( 0.0%) |
		[      0.4:      0.6)  0 ( 0.0%) |
		[      0.6:      0.8)  0 ( 0.0%) |
		[      0.8:        1) 96 (50.0%) |************************************************
		[        1:      1.2)  0 ( 0.0%) |
		[      1.2:      1.4)  0 ( 0.0%) |
		[      1.4:      1.6)  0 ( 0.0%) |
		[      1.6:      1.8)  0 ( 0.0%) |
		[      1.8:        2)  0 ( 0.0%) |
	Output Pin Usage:
		Max: 1.00 (1.00)
		Avg: 0.50 (0.50)
		Min: 0.00 (0.00)
		Histogram:
		[        0:      0.1) 96 (50.0%) |************************************************
		[      0.1:      0.2)  0 ( 0.0%) |
		[      0.2:      0.3)  0 ( 0.0%) |
		[      0.3:      0.4)  0 ( 0.0%) |
		[      0.4:      0.5)  0 ( 0.0%) |
		[      0.5:      0.6)  0 ( 0.0%) |
		[      0.6:      0.7)  0 ( 0.0%) |
		[      0.7:      0.8)  0 ( 0.0%) |
		[      0.8:      0.9)  0 ( 0.0%) |
		[      0.9:        1) 96 (50.0%) |************************************************

Type: clb
	Input Pin Usage:
		Max: 28.00 (0.68)
		Avg: 19.10 (0.47)
		Min: 5.00 (0.12)
		Histogram:
		[        0:      4.1)  0 ( 0.0%) |
		[      4.1:      8.2)  1 ( 1.6%) |**
		[      8.2:       12)  5 ( 8.2%) |***********
		[       12:       16) 11 (18.0%) |************************
		[       16:       20) 22 (36.1%) |************************************************
		[       20:       25) 11 (18.0%) |************************
		[       25:       29) 11 (18.0%) |************************
		[       29:       33)  0 ( 0.0%) |
		[       33:       37)  0 ( 0.0%) |
		[       37:       41)  0 ( 0.0%) |
	Output Pin Usage:
		Max: 17.00 (0.85)
		Avg: 9.25 (0.46)
		Min: 1.00 (0.05)
		Histogram:
		[        0:        2)  1 ( 1.6%) |**
		[        2:        4)  1 ( 1.6%) |**
		[        4:        6)  5 ( 8.2%) |**********
		[        6:        8) 15 (24.6%) |******************************
		[        8:       10) 24 (39.3%) |************************************************
		[       10:       12)  9 (14.8%) |******************
		[       12:       14)  1 ( 1.6%) |**
		[       14:       16)  4 ( 6.6%) |********
		[       16:       18)  1 ( 1.6%) |**
		[       18:       20)  0 ( 0.0%) |

