#Packing pin usage report
Type: io
	Input Pin Usage:
		Max: 1.00 (0.50)
		Avg: 0.67 (0.33)
		Min: 0.00 (0.00)
		Histogram:
		[        0:      0.2) 230 (33.3%) |************************
		[      0.2:      0.4)   0 ( 0.0%) |
		[      0.4:      0.6)   0 ( 0.0%) |
		[      0.6:      0.8)   0 ( 0.0%) |
		[      0.8:        1) 460 (66.7%) |***********************************************
		[        1:      1.2)   0 ( 0.0%) |
		[      1.2:      1.4)   0 ( 0.0%) |
		[      1.4:      1.6)   0 ( 0.0%) |
		[      1.6:      1.8)   0 ( 0.0%) |
		[      1.8:        2)   0 ( 0.0%) |
	Output Pin Usage:
		Max: 1.00 (1.00)
		Avg: 0.33 (0.33)
		Min: 0.00 (0.00)
		Histogram:
		[        0:      0.1) 460 (66.7%) |***********************************************
		[      0.1:      0.2)   0 ( 0.0%) |
		[      0.2:      0.3)   0 ( 0.0%) |
		[      0.3:      0.4)   0 ( 0.0%) |
		[      0.4:      0.5)   0 ( 0.0%) |
		[      0.5:      0.6)   0 ( 0.0%) |
		[      0.6:      0.7)   0 ( 0.0%) |
		[      0.7:      0.8)   0 ( 0.0%) |
		[      0.8:      0.9)   0 ( 0.0%) |
		[      0.9:        1) 230 (33.3%) |************************

Type: clb
	Input Pin Usage:
		Max: 32.00 (0.78)
		Avg: 20.51 (0.50)
		Min: 2.00 (0.05)
		Histogram:
		[        0:      4.1)  27 ( 3.1%) |****
		[      4.1:      8.2)  13 ( 1.5%) |**
		[      8.2:       12)  18 ( 2.0%) |***
		[       12:       16)  71 ( 8.0%) |**********
		[       16:       20) 252 (28.6%) |************************************
		[       20:       25) 325 (36.8%) |***********************************************
		[       25:       29) 145 (16.4%) |*********************
		[       29:       33)  31 ( 3.5%) |****
		[       33:       37)   0 ( 0.0%) |
		[       37:       41)   0 ( 0.0%) |
	Output Pin Usage:
		Max: 20.00 (1.00)
		Avg: 10.13 (0.51)
		Min: 1.00 (0.05)
		Histogram:
		[        0:        2)  25 ( 2.8%) |****
		[        2:        4)   8 ( 0.9%) |*
		[        4:        6)  76 ( 8.6%) |***********
		[        6:        8) 324 (36.7%) |***********************************************
		[        8:       10) 171 (19.4%) |*************************
		[       10:       12)  62 ( 7.0%) |*********
		[       12:       14)  37 ( 4.2%) |*****
		[       14:       16)  43 ( 4.9%) |******
		[       16:       18)  53 ( 6.0%) |********
		[       18:       20)  83 ( 9.4%) |************

