#Packing pin usage report
Type: io
	Input Pin Usage:
		Max: 1.00 (0.50)
		Avg: 0.55 (0.27)
		Min: 0.00 (0.00)
		Histogram:
		[        0:      0.2) 50 (45.5%) |****************************************
		[      0.2:      0.4)  0 ( 0.0%) |
		[      0.4:      0.6)  0 ( 0.0%) |
		[      0.6:      0.8)  0 ( 0.0%) |
		[      0.8:        1) 60 (54.5%) |************************************************
		[        1:      1.2)  0 ( 0.0%) |
		[      1.2:      1.4)  0 ( 0.0%) |
		[      1.4:      1.6)  0 ( 0.0%) |
		[      1.6:      1.8)  0 ( 0.0%) |
		[      1.8:        2)  0 ( 0.0%) |
	Output Pin Usage:
		Max: 1.00 (1.00)
		Avg: 0.45 (0.45)
		Min: 0.00 (0.00)
		Histogram:
		[        0:      0.1) 60 (54.5%) |************************************************
		[      0.1:      0.2)  0 ( 0.0%) |
		[      0.2:      0.3)  0 ( 0.0%) |
		[      0.3:      0.4)  0 ( 0.0%) |
		[      0.4:      0.5)  0 ( 0.0%) |
		[      0.5:      0.6)  0 ( 0.0%) |
		[      0.6:      0.7)  0 ( 0.0%) |
		[      0.7:      0.8)  0 ( 0.0%) |
		[      0.8:      0.9)  0 ( 0.0%) |
		[      0.9:        1) 50 (45.5%) |****************************************

Type: clb
	Input Pin Usage:
		Max: 18.00 (0.44)
		Avg: 11.60 (0.28)
		Min: 2.00 (0.05)
		Histogram:
		[        0:      4.1) 1 (20.0%) |*************************
		[      4.1:      8.2) 0 ( 0.0%) |
		[      8.2:       12) 2 (40.0%) |*************************************************
		[       12:       16) 0 ( 0.0%) |
		[       16:       20) 2 (40.0%) |*************************************************
		[       20:       25) 0 ( 0.0%) |
		[       25:       29) 0 ( 0.0%) |
		[       29:       33) 0 ( 0.0%) |
		[       33:       37) 0 ( 0.0%) |
		[       37:       41) 0 ( 0.0%) |
	Output Pin Usage:
		Max: 11.00 (0.55)
		Avg: 6.40 (0.32)
		Min: 1.00 (0.05)
		Histogram:
		[        0:        2) 1 (20.0%) |**************************************************
		[        2:        4) 1 (20.0%) |**************************************************
		[        4:        6) 0 ( 0.0%) |
		[        6:        8) 1 (20.0%) |**************************************************
		[        8:       10) 1 (20.0%) |**************************************************
		[       10:       12) 1 (20.0%) |**************************************************
		[       12:       14) 0 ( 0.0%) |
		[       14:       16) 0 ( 0.0%) |
		[       16:       18) 0 ( 0.0%) |
		[       18:       20) 0 ( 0.0%) |

Type: mult_36
	Input Pin Usage:
		Max: 20.00 (0.28)
		Avg: 12.50 (0.17)
		Min: 10.00 (0.14)
		Histogram:
		[        0:      7.2) 0 ( 0.0%) |
		[      7.2:       14) 3 (75.0%) |*************************************************
		[       14:       22) 1 (25.0%) |****************
		[       22:       29) 0 ( 0.0%) |
		[       29:       36) 0 ( 0.0%) |
		[       36:       43) 0 ( 0.0%) |
		[       43:       50) 0 ( 0.0%) |
		[       50:       58) 0 ( 0.0%) |
		[       58:       65) 0 ( 0.0%) |
		[       65:       72) 0 ( 0.0%) |
	Output Pin Usage:
		Max: 20.00 (0.28)
		Avg: 12.50 (0.17)
		Min: 10.00 (0.14)
		Histogram:
		[        0:      7.2) 0 ( 0.0%) |
		[      7.2:       14) 3 (75.0%) |*************************************************
		[       14:       22) 1 (25.0%) |****************
		[       22:       29) 0 ( 0.0%) |
		[       29:       36) 0 ( 0.0%) |
		[       36:       43) 0 ( 0.0%) |
		[       43:       50) 0 ( 0.0%) |
		[       50:       58) 0 ( 0.0%) |
		[       58:       65) 0 ( 0.0%) |
		[       65:       72) 0 ( 0.0%) |

