#Packing pin usage report
Type: io
	Input Pin Usage:
		Max: 1.00 (0.50)
		Avg: 0.50 (0.25)
		Min: 0.00 (0.00)
		Histogram:
		[        0:      0.2) 560 (50.0%) |***********************************************
		[      0.2:      0.4)   0 ( 0.0%) |
		[      0.4:      0.6)   0 ( 0.0%) |
		[      0.6:      0.8)   0 ( 0.0%) |
		[      0.8:        1) 560 (50.0%) |***********************************************
		[        1:      1.2)   0 ( 0.0%) |
		[      1.2:      1.4)   0 ( 0.0%) |
		[      1.4:      1.6)   0 ( 0.0%) |
		[      1.6:      1.8)   0 ( 0.0%) |
		[      1.8:        2)   0 ( 0.0%) |
	Output Pin Usage:
		Max: 1.00 (1.00)
		Avg: 0.50 (0.50)
		Min: 0.00 (0.00)
		Histogram:
		[        0:      0.1) 560 (50.0%) |***********************************************
		[      0.1:      0.2)   0 ( 0.0%) |
		[      0.2:      0.3)   0 ( 0.0%) |
		[      0.3:      0.4)   0 ( 0.0%) |
		[      0.4:      0.5)   0 ( 0.0%) |
		[      0.5:      0.6)   0 ( 0.0%) |
		[      0.6:      0.7)   0 ( 0.0%) |
		[      0.7:      0.8)   0 ( 0.0%) |
		[      0.8:      0.9)   0 ( 0.0%) |
		[      0.9:        1) 560 (50.0%) |***********************************************

Type: clb
	Input Pin Usage:
		Max: 32.00 (0.78)
		Avg: 20.24 (0.49)
		Min: 4.00 (0.10)
		Histogram:
		[        0:      4.1)   1 ( 0.2%) |
		[      4.1:      8.2)   5 ( 1.2%) |**
		[      8.2:       12)  19 ( 4.7%) |******
		[       12:       16)  47 (11.6%) |****************
		[       16:       20) 128 (31.7%) |********************************************
		[       20:       25) 138 (34.2%) |***********************************************
		[       25:       29)  54 (13.4%) |******************
		[       29:       33)  12 ( 3.0%) |****
		[       33:       37)   0 ( 0.0%) |
		[       37:       41)   0 ( 0.0%) |
	Output Pin Usage:
		Max: 20.00 (1.00)
		Avg: 10.25 (0.51)
		Min: 1.00 (0.05)
		Histogram:
		[        0:        2)   7 ( 1.7%) |***
		[        2:        4)   3 ( 0.7%) |*
		[        4:        6)  42 (10.4%) |*****************
		[        6:        8) 114 (28.2%) |***********************************************
		[        8:       10)  84 (20.8%) |***********************************
		[       10:       12)  53 (13.1%) |**********************
		[       12:       14)  27 ( 6.7%) |***********
		[       14:       16)  30 ( 7.4%) |************
		[       16:       18)  31 ( 7.7%) |*************
		[       18:       20)  13 ( 3.2%) |*****

Type: mult_36
	Input Pin Usage:
		Max: 28.00 (0.39)
		Avg: 28.00 (0.39)
		Min: 28.00 (0.39)
		Histogram:
		[        0:      7.2) 0 ( 0.0%) |
		[      7.2:       14) 0 ( 0.0%) |
		[       14:       22) 0 ( 0.0%) |
		[       22:       29) 8 (100.0%) |*************************************************
		[       29:       36) 0 ( 0.0%) |
		[       36:       43) 0 ( 0.0%) |
		[       43:       50) 0 ( 0.0%) |
		[       50:       58) 0 ( 0.0%) |
		[       58:       65) 0 ( 0.0%) |
		[       65:       72) 0 ( 0.0%) |
	Output Pin Usage:
		Max: 28.00 (0.39)
		Avg: 28.00 (0.39)
		Min: 28.00 (0.39)
		Histogram:
		[        0:      7.2) 0 ( 0.0%) |
		[      7.2:       14) 0 ( 0.0%) |
		[       14:       22) 0 ( 0.0%) |
		[       22:       29) 8 (100.0%) |*************************************************
		[       29:       36) 0 ( 0.0%) |
		[       36:       43) 0 ( 0.0%) |
		[       43:       50) 0 ( 0.0%) |
		[       50:       58) 0 ( 0.0%) |
		[       58:       65) 0 ( 0.0%) |
		[       65:       72) 0 ( 0.0%) |

