#Packing pin usage report
Type: io
	Input Pin Usage:
		Max: 1.00 (0.50)
		Avg: 0.50 (0.25)
		Min: 0.00 (0.00)
		Histogram:
		[        0:      0.2) 200 (50.0%) |***********************************************
		[      0.2:      0.4)   0 ( 0.0%) |
		[      0.4:      0.6)   0 ( 0.0%) |
		[      0.6:      0.8)   0 ( 0.0%) |
		[      0.8:        1) 200 (50.0%) |***********************************************
		[        1:      1.2)   0 ( 0.0%) |
		[      1.2:      1.4)   0 ( 0.0%) |
		[      1.4:      1.6)   0 ( 0.0%) |
		[      1.6:      1.8)   0 ( 0.0%) |
		[      1.8:        2)   0 ( 0.0%) |
	Output Pin Usage:
		Max: 1.00 (1.00)
		Avg: 0.50 (0.50)
		Min: 0.00 (0.00)
		Histogram:
		[        0:      0.1) 200 (50.0%) |***********************************************
		[      0.1:      0.2)   0 ( 0.0%) |
		[      0.2:      0.3)   0 ( 0.0%) |
		[      0.3:      0.4)   0 ( 0.0%) |
		[      0.4:      0.5)   0 ( 0.0%) |
		[      0.5:      0.6)   0 ( 0.0%) |
		[      0.6:      0.7)   0 ( 0.0%) |
		[      0.7:      0.8)   0 ( 0.0%) |
		[      0.8:      0.9)   0 ( 0.0%) |
		[      0.9:        1) 200 (50.0%) |***********************************************

Type: clb
	Input Pin Usage:
		Max: 20.00 (0.49)
		Avg: 12.79 (0.31)
		Min: 2.00 (0.05)
		Histogram:
		[        0:      4.1) 15 (17.9%) |******************
		[      4.1:      8.2)  0 ( 0.0%) |
		[      8.2:       12) 29 (34.5%) |***********************************
		[       12:       16)  0 ( 0.0%) |
		[       16:       20) 40 (47.6%) |************************************************
		[       20:       25)  0 ( 0.0%) |
		[       25:       29)  0 ( 0.0%) |
		[       29:       33)  0 ( 0.0%) |
		[       33:       37)  0 ( 0.0%) |
		[       37:       41)  0 ( 0.0%) |
	Output Pin Usage:
		Max: 13.00 (0.65)
		Avg: 7.15 (0.36)
		Min: 1.00 (0.05)
		Histogram:
		[        0:        2) 15 (17.9%) |************************
		[        2:        4)  9 (10.7%) |**************
		[        4:        6)  0 ( 0.0%) |
		[        6:        8) 30 (35.7%) |************************************************
		[        8:       10)  9 (10.7%) |**************
		[       10:       12) 20 (23.8%) |********************************
		[       12:       14)  1 ( 1.2%) |**
		[       14:       16)  0 ( 0.0%) |
		[       16:       18)  0 ( 0.0%) |
		[       18:       20)  0 ( 0.0%) |

