#Packing pin usage report
Type: io
	Input Pin Usage:
		Max: 1.00 (0.50)
		Avg: 0.67 (0.33)
		Min: 0.00 (0.00)
		Histogram:
		[        0:      0.2) 50 (33.3%) |************************
		[      0.2:      0.4)  0 ( 0.0%) |
		[      0.4:      0.6)  0 ( 0.0%) |
		[      0.6:      0.8)  0 ( 0.0%) |
		[      0.8:        1) 100 (66.7%) |************************************************
		[        1:      1.2)  0 ( 0.0%) |
		[      1.2:      1.4)  0 ( 0.0%) |
		[      1.4:      1.6)  0 ( 0.0%) |
		[      1.6:      1.8)  0 ( 0.0%) |
		[      1.8:        2)  0 ( 0.0%) |
	Output Pin Usage:
		Max: 1.00 (1.00)
		Avg: 0.33 (0.33)
		Min: 0.00 (0.00)
		Histogram:
		[        0:      0.1) 100 (66.7%) |************************************************
		[      0.1:      0.2)  0 ( 0.0%) |
		[      0.2:      0.3)  0 ( 0.0%) |
		[      0.3:      0.4)  0 ( 0.0%) |
		[      0.4:      0.5)  0 ( 0.0%) |
		[      0.5:      0.6)  0 ( 0.0%) |
		[      0.6:      0.7)  0 ( 0.0%) |
		[      0.7:      0.8)  0 ( 0.0%) |
		[      0.8:      0.9)  0 ( 0.0%) |
		[      0.9:        1) 50 (33.3%) |************************

Type: clb
	Input Pin Usage:
		Max: 21.00 (0.51)
		Avg: 14.00 (0.34)
		Min: 2.00 (0.05)
		Histogram:
		[        0:      4.1) 1 ( 5.6%) |*******
		[      4.1:      8.2) 1 ( 5.6%) |*******
		[      8.2:       12) 7 (38.9%) |*************************************************
		[       12:       16) 1 ( 5.6%) |*******
		[       16:       20) 7 (38.9%) |*************************************************
		[       20:       25) 1 ( 5.6%) |*******
		[       25:       29) 0 ( 0.0%) |
		[       29:       33) 0 ( 0.0%) |
		[       33:       37) 0 ( 0.0%) |
		[       37:       41) 0 ( 0.0%) |
	Output Pin Usage:
		Max: 14.00 (0.70)
		Avg: 8.11 (0.41)
		Min: 1.00 (0.05)
		Histogram:
		[        0:        2) 1 ( 5.6%) |******
		[        2:        4) 0 ( 0.0%) |
		[        4:        6) 3 (16.7%) |******************
		[        6:        8) 8 (44.4%) |*************************************************
		[        8:       10) 3 (16.7%) |******************
		[       10:       12) 2 (11.1%) |************
		[       12:       14) 1 ( 5.6%) |******
		[       14:       16) 0 ( 0.0%) |
		[       16:       18) 0 ( 0.0%) |
		[       18:       20) 0 ( 0.0%) |

Type: mult_36
	Input Pin Usage:
		Max: 20.00 (0.28)
		Avg: 20.00 (0.28)
		Min: 20.00 (0.28)
		Histogram:
		[        0:      7.2) 0 ( 0.0%) |
		[      7.2:       14) 0 ( 0.0%) |
		[       14:       22) 2 (100.0%) |*************************************************
		[       22:       29) 0 ( 0.0%) |
		[       29:       36) 0 ( 0.0%) |
		[       36:       43) 0 ( 0.0%) |
		[       43:       50) 0 ( 0.0%) |
		[       50:       58) 0 ( 0.0%) |
		[       58:       65) 0 ( 0.0%) |
		[       65:       72) 0 ( 0.0%) |
	Output Pin Usage:
		Max: 20.00 (0.28)
		Avg: 20.00 (0.28)
		Min: 20.00 (0.28)
		Histogram:
		[        0:      7.2) 0 ( 0.0%) |
		[      7.2:       14) 0 ( 0.0%) |
		[       14:       22) 2 (100.0%) |*************************************************
		[       22:       29) 0 ( 0.0%) |
		[       29:       36) 0 ( 0.0%) |
		[       36:       43) 0 ( 0.0%) |
		[       43:       50) 0 ( 0.0%) |
		[       50:       58) 0 ( 0.0%) |
		[       58:       65) 0 ( 0.0%) |
		[       65:       72) 0 ( 0.0%) |

