#Packing pin usage report
Type: io
	Input Pin Usage:
		Max: 1.00 (0.50)
		Avg: 0.67 (0.33)
		Min: 0.00 (0.00)
		Histogram:
		[        0:      0.2) 140 (33.3%) |************************
		[      0.2:      0.4)   0 ( 0.0%) |
		[      0.4:      0.6)   0 ( 0.0%) |
		[      0.6:      0.8)   0 ( 0.0%) |
		[      0.8:        1) 280 (66.7%) |***********************************************
		[        1:      1.2)   0 ( 0.0%) |
		[      1.2:      1.4)   0 ( 0.0%) |
		[      1.4:      1.6)   0 ( 0.0%) |
		[      1.6:      1.8)   0 ( 0.0%) |
		[      1.8:        2)   0 ( 0.0%) |
	Output Pin Usage:
		Max: 1.00 (1.00)
		Avg: 0.33 (0.33)
		Min: 0.00 (0.00)
		Histogram:
		[        0:      0.1) 280 (66.7%) |***********************************************
		[      0.1:      0.2)   0 ( 0.0%) |
		[      0.2:      0.3)   0 ( 0.0%) |
		[      0.3:      0.4)   0 ( 0.0%) |
		[      0.4:      0.5)   0 ( 0.0%) |
		[      0.5:      0.6)   0 ( 0.0%) |
		[      0.6:      0.7)   0 ( 0.0%) |
		[      0.7:      0.8)   0 ( 0.0%) |
		[      0.8:      0.9)   0 ( 0.0%) |
		[      0.9:        1) 140 (33.3%) |************************

Type: clb
	Input Pin Usage:
		Max: 32.00 (0.78)
		Avg: 21.12 (0.52)
		Min: 1.00 (0.02)
		Histogram:
		[        0:      4.1)  3 ( 1.8%) |**
		[      4.1:      8.2)  2 ( 1.2%) |**
		[      8.2:       12)  2 ( 1.2%) |**
		[       12:       16) 18 (10.6%) |**************
		[       16:       20) 43 (25.3%) |**********************************
		[       20:       25) 61 (35.9%) |************************************************
		[       25:       29) 33 (19.4%) |**************************
		[       29:       33)  8 ( 4.7%) |******
		[       33:       37)  0 ( 0.0%) |
		[       37:       41)  0 ( 0.0%) |
	Output Pin Usage:
		Max: 19.00 (0.95)
		Avg: 10.54 (0.53)
		Min: 1.00 (0.05)
		Histogram:
		[        0:        2)  3 ( 1.8%) |***
		[        2:        4)  3 ( 1.8%) |***
		[        4:        6)  8 ( 4.7%) |********
		[        6:        8) 47 (27.6%) |************************************************
		[        8:       10) 46 (27.1%) |***********************************************
		[       10:       12) 16 ( 9.4%) |****************
		[       12:       14) 12 ( 7.1%) |************
		[       14:       16)  6 ( 3.5%) |******
		[       16:       18) 23 (13.5%) |***********************
		[       18:       20)  6 ( 3.5%) |******

Type: mult_36
	Input Pin Usage:
		Max: 56.00 (0.78)
		Avg: 56.00 (0.78)
		Min: 56.00 (0.78)
		Histogram:
		[        0:      7.2) 0 ( 0.0%) |
		[      7.2:       14) 0 ( 0.0%) |
		[       14:       22) 0 ( 0.0%) |
		[       22:       29) 0 ( 0.0%) |
		[       29:       36) 0 ( 0.0%) |
		[       36:       43) 0 ( 0.0%) |
		[       43:       50) 0 ( 0.0%) |
		[       50:       58) 2 (100.0%) |*************************************************
		[       58:       65) 0 ( 0.0%) |
		[       65:       72) 0 ( 0.0%) |
	Output Pin Usage:
		Max: 56.00 (0.78)
		Avg: 56.00 (0.78)
		Min: 56.00 (0.78)
		Histogram:
		[        0:      7.2) 0 ( 0.0%) |
		[      7.2:       14) 0 ( 0.0%) |
		[       14:       22) 0 ( 0.0%) |
		[       22:       29) 0 ( 0.0%) |
		[       29:       36) 0 ( 0.0%) |
		[       36:       43) 0 ( 0.0%) |
		[       43:       50) 0 ( 0.0%) |
		[       50:       58) 2 (100.0%) |*************************************************
		[       58:       65) 0 ( 0.0%) |
		[       65:       72) 0 ( 0.0%) |

