#Packing pin usage report
Type: io
	Input Pin Usage:
		Max: 1.00 (0.50)
		Avg: 0.67 (0.33)
		Min: 0.00 (0.00)
		Histogram:
		[        0:      0.2) 140 (33.3%) |************************
		[      0.2:      0.4)   0 ( 0.0%) |
		[      0.4:      0.6)   0 ( 0.0%) |
		[      0.6:      0.8)   0 ( 0.0%) |
		[      0.8:        1) 280 (66.7%) |***********************************************
		[        1:      1.2)   0 ( 0.0%) |
		[      1.2:      1.4)   0 ( 0.0%) |
		[      1.4:      1.6)   0 ( 0.0%) |
		[      1.6:      1.8)   0 ( 0.0%) |
		[      1.8:        2)   0 ( 0.0%) |
	Output Pin Usage:
		Max: 1.00 (1.00)
		Avg: 0.33 (0.33)
		Min: 0.00 (0.00)
		Histogram:
		[        0:      0.1) 280 (66.7%) |***********************************************
		[      0.1:      0.2)   0 ( 0.0%) |
		[      0.2:      0.3)   0 ( 0.0%) |
		[      0.3:      0.4)   0 ( 0.0%) |
		[      0.4:      0.5)   0 ( 0.0%) |
		[      0.5:      0.6)   0 ( 0.0%) |
		[      0.6:      0.7)   0 ( 0.0%) |
		[      0.7:      0.8)   0 ( 0.0%) |
		[      0.8:      0.9)   0 ( 0.0%) |
		[      0.9:        1) 140 (33.3%) |************************

Type: clb
	Input Pin Usage:
		Max: 32.00 (0.78)
		Avg: 20.31 (0.50)
		Min: 2.00 (0.05)
		Histogram:
		[        0:      4.1) 13 ( 4.0%) |******
		[      4.1:      8.2) 10 ( 3.1%) |*****
		[      8.2:       12)  5 ( 1.5%) |**
		[       12:       16) 37 (11.3%) |******************
		[       16:       20) 85 (26.1%) |*****************************************
		[       20:       25) 99 (30.4%) |************************************************
		[       25:       29) 55 (16.9%) |***************************
		[       29:       33) 22 ( 6.7%) |***********
		[       33:       37)  0 ( 0.0%) |
		[       37:       41)  0 ( 0.0%) |
	Output Pin Usage:
		Max: 20.00 (1.00)
		Avg: 9.73 (0.49)
		Min: 1.00 (0.05)
		Histogram:
		[        0:        2) 15 ( 4.6%) |********
		[        2:        4)  5 ( 1.5%) |***
		[        4:        6) 25 ( 7.7%) |*************
		[        6:        8) 94 (28.8%) |************************************************
		[        8:       10) 84 (25.8%) |*******************************************
		[       10:       12) 36 (11.0%) |******************
		[       12:       14) 23 ( 7.1%) |************
		[       14:       16) 15 ( 4.6%) |********
		[       16:       18) 20 ( 6.1%) |**********
		[       18:       20)  9 ( 2.8%) |*****

