#Packing pin usage report
Type: io
	Input Pin Usage:
		Max: 1.00 (0.50)
		Avg: 0.67 (0.33)
		Min: 0.00 (0.00)
		Histogram:
		[        0:      0.2) 140 (33.3%) |************************
		[      0.2:      0.4)   0 ( 0.0%) |
		[      0.4:      0.6)   0 ( 0.0%) |
		[      0.6:      0.8)   0 ( 0.0%) |
		[      0.8:        1) 280 (66.7%) |***********************************************
		[        1:      1.2)   0 ( 0.0%) |
		[      1.2:      1.4)   0 ( 0.0%) |
		[      1.4:      1.6)   0 ( 0.0%) |
		[      1.6:      1.8)   0 ( 0.0%) |
		[      1.8:        2)   0 ( 0.0%) |
	Output Pin Usage:
		Max: 1.00 (1.00)
		Avg: 0.33 (0.33)
		Min: 0.00 (0.00)
		Histogram:
		[        0:      0.1) 280 (66.7%) |***********************************************
		[      0.1:      0.2)   0 ( 0.0%) |
		[      0.2:      0.3)   0 ( 0.0%) |
		[      0.3:      0.4)   0 ( 0.0%) |
		[      0.4:      0.5)   0 ( 0.0%) |
		[      0.5:      0.6)   0 ( 0.0%) |
		[      0.6:      0.7)   0 ( 0.0%) |
		[      0.7:      0.8)   0 ( 0.0%) |
		[      0.8:      0.9)   0 ( 0.0%) |
		[      0.9:        1) 140 (33.3%) |************************

Type: clb
	Input Pin Usage:
		Max: 32.00 (0.78)
		Avg: 19.68 (0.48)
		Min: 2.00 (0.05)
		Histogram:
		[        0:      4.1) 13 ( 5.2%) |********
		[      4.1:      8.2)  8 ( 3.2%) |*****
		[      8.2:       12)  9 ( 3.6%) |*****
		[       12:       16) 25 ( 9.9%) |***************
		[       16:       20) 69 (27.4%) |*****************************************
		[       20:       25) 80 (31.7%) |************************************************
		[       25:       29) 33 (13.1%) |********************
		[       29:       33) 15 ( 6.0%) |*********
		[       33:       37)  0 ( 0.0%) |
		[       37:       41)  0 ( 0.0%) |
	Output Pin Usage:
		Max: 20.00 (1.00)
		Avg: 9.56 (0.48)
		Min: 1.00 (0.05)
		Histogram:
		[        0:        2) 18 ( 7.1%) |************
		[        2:        4)  4 ( 1.6%) |***
		[        4:        6) 21 ( 8.3%) |*************
		[        6:        8) 75 (29.8%) |************************************************
		[        8:       10) 46 (18.3%) |*****************************
		[       10:       12) 38 (15.1%) |************************
		[       12:       14) 13 ( 5.2%) |********
		[       14:       16) 13 ( 5.2%) |********
		[       16:       18) 16 ( 6.3%) |**********
		[       18:       20)  8 ( 3.2%) |*****

Type: mult_36
	Input Pin Usage:
		Max: 56.00 (0.78)
		Avg: 56.00 (0.78)
		Min: 56.00 (0.78)
		Histogram:
		[        0:      7.2) 0 ( 0.0%) |
		[      7.2:       14) 0 ( 0.0%) |
		[       14:       22) 0 ( 0.0%) |
		[       22:       29) 0 ( 0.0%) |
		[       29:       36) 0 ( 0.0%) |
		[       36:       43) 0 ( 0.0%) |
		[       43:       50) 0 ( 0.0%) |
		[       50:       58) 1 (100.0%) |**************************************************
		[       58:       65) 0 ( 0.0%) |
		[       65:       72) 0 ( 0.0%) |
	Output Pin Usage:
		Max: 56.00 (0.78)
		Avg: 56.00 (0.78)
		Min: 56.00 (0.78)
		Histogram:
		[        0:      7.2) 0 ( 0.0%) |
		[      7.2:       14) 0 ( 0.0%) |
		[       14:       22) 0 ( 0.0%) |
		[       22:       29) 0 ( 0.0%) |
		[       29:       36) 0 ( 0.0%) |
		[       36:       43) 0 ( 0.0%) |
		[       43:       50) 0 ( 0.0%) |
		[       50:       58) 1 (100.0%) |**************************************************
		[       58:       65) 0 ( 0.0%) |
		[       65:       72) 0 ( 0.0%) |

