#Packing pin usage report
Type: io
	Input Pin Usage:
		Max: 1.00 (0.50)
		Avg: 0.67 (0.33)
		Min: 0.00 (0.00)
		Histogram:
		[        0:      0.2) 50 (33.3%) |************************
		[      0.2:      0.4)  0 ( 0.0%) |
		[      0.4:      0.6)  0 ( 0.0%) |
		[      0.6:      0.8)  0 ( 0.0%) |
		[      0.8:        1) 100 (66.7%) |************************************************
		[        1:      1.2)  0 ( 0.0%) |
		[      1.2:      1.4)  0 ( 0.0%) |
		[      1.4:      1.6)  0 ( 0.0%) |
		[      1.6:      1.8)  0 ( 0.0%) |
		[      1.8:        2)  0 ( 0.0%) |
	Output Pin Usage:
		Max: 1.00 (1.00)
		Avg: 0.33 (0.33)
		Min: 0.00 (0.00)
		Histogram:
		[        0:      0.1) 100 (66.7%) |************************************************
		[      0.1:      0.2)  0 ( 0.0%) |
		[      0.2:      0.3)  0 ( 0.0%) |
		[      0.3:      0.4)  0 ( 0.0%) |
		[      0.4:      0.5)  0 ( 0.0%) |
		[      0.5:      0.6)  0 ( 0.0%) |
		[      0.6:      0.7)  0 ( 0.0%) |
		[      0.7:      0.8)  0 ( 0.0%) |
		[      0.8:      0.9)  0 ( 0.0%) |
		[      0.9:        1) 50 (33.3%) |************************

Type: clb
	Input Pin Usage:
		Max: 24.00 (0.59)
		Avg: 14.57 (0.36)
		Min: 4.00 (0.10)
		Histogram:
		[        0:      4.1) 1 ( 7.1%) |************
		[      4.1:      8.2) 0 ( 0.0%) |
		[      8.2:       12) 4 (28.6%) |*************************************************
		[       12:       16) 4 (28.6%) |*************************************************
		[       16:       20) 4 (28.6%) |*************************************************
		[       20:       25) 1 ( 7.1%) |************
		[       25:       29) 0 ( 0.0%) |
		[       29:       33) 0 ( 0.0%) |
		[       33:       37) 0 ( 0.0%) |
		[       37:       41) 0 ( 0.0%) |
	Output Pin Usage:
		Max: 11.00 (0.55)
		Avg: 7.57 (0.38)
		Min: 2.00 (0.10)
		Histogram:
		[        0:        2) 1 ( 7.1%) |********
		[        2:        4) 0 ( 0.0%) |
		[        4:        6) 2 (14.3%) |****************
		[        6:        8) 6 (42.9%) |*************************************************
		[        8:       10) 4 (28.6%) |*********************************
		[       10:       12) 1 ( 7.1%) |********
		[       12:       14) 0 ( 0.0%) |
		[       14:       16) 0 ( 0.0%) |
		[       16:       18) 0 ( 0.0%) |
		[       18:       20) 0 ( 0.0%) |

Type: mult_36
	Input Pin Usage:
		Max: 40.00 (0.56)
		Avg: 30.00 (0.42)
		Min: 20.00 (0.28)
		Histogram:
		[        0:      7.2) 0 ( 0.0%) |
		[      7.2:       14) 0 ( 0.0%) |
		[       14:       22) 1 (50.0%) |**************************************************
		[       22:       29) 0 ( 0.0%) |
		[       29:       36) 0 ( 0.0%) |
		[       36:       43) 1 (50.0%) |**************************************************
		[       43:       50) 0 ( 0.0%) |
		[       50:       58) 0 ( 0.0%) |
		[       58:       65) 0 ( 0.0%) |
		[       65:       72) 0 ( 0.0%) |
	Output Pin Usage:
		Max: 40.00 (0.56)
		Avg: 30.00 (0.42)
		Min: 20.00 (0.28)
		Histogram:
		[        0:      7.2) 0 ( 0.0%) |
		[      7.2:       14) 0 ( 0.0%) |
		[       14:       22) 1 (50.0%) |**************************************************
		[       22:       29) 0 ( 0.0%) |
		[       29:       36) 0 ( 0.0%) |
		[       36:       43) 1 (50.0%) |**************************************************
		[       43:       50) 0 ( 0.0%) |
		[       50:       58) 0 ( 0.0%) |
		[       58:       65) 0 ( 0.0%) |
		[       65:       72) 0 ( 0.0%) |

