#Packing pin usage report
Type: io
	Input Pin Usage:
		Max: 1.00 (0.50)
		Avg: 0.50 (0.25)
		Min: 0.00 (0.00)
		Histogram:
		[        0:      0.2) 96 (50.0%) |************************************************
		[      0.2:      0.4)  0 ( 0.0%) |
		[      0.4:      0.6)  0 ( 0.0%) |
		[      0.6:      0.8)  0 ( 0.0%) |
		[      0.8:        1) 96 (50.0%) |************************************************
		[        1:      1.2)  0 ( 0.0%) |
		[      1.2:      1.4)  0 ( 0.0%) |
		[      1.4:      1.6)  0 ( 0.0%) |
		[      1.6:      1.8)  0 ( 0.0%) |
		[      1.8:        2)  0 ( 0.0%) |
	Output Pin Usage:
		Max: 1.00 (1.00)
		Avg: 0.50 (0.50)
		Min: 0.00 (0.00)
		Histogram:
		[        0:      0.1) 96 (50.0%) |************************************************
		[      0.1:      0.2)  0 ( 0.0%) |
		[      0.2:      0.3)  0 ( 0.0%) |
		[      0.3:      0.4)  0 ( 0.0%) |
		[      0.4:      0.5)  0 ( 0.0%) |
		[      0.5:      0.6)  0 ( 0.0%) |
		[      0.6:      0.7)  0 ( 0.0%) |
		[      0.7:      0.8)  0 ( 0.0%) |
		[      0.8:      0.9)  0 ( 0.0%) |
		[      0.9:        1) 96 (50.0%) |************************************************

Type: clb
	Input Pin Usage:
		Max: 26.00 (0.63)
		Avg: 17.00 (0.41)
		Min: 2.00 (0.05)
		Histogram:
		[        0:      4.1)  4 ( 7.8%) |*************
		[      4.1:      8.2)  1 ( 2.0%) |***
		[      8.2:       12)  6 (11.8%) |*******************
		[       12:       16)  9 (17.6%) |*****************************
		[       16:       20) 15 (29.4%) |************************************************
		[       20:       25) 13 (25.5%) |******************************************
		[       25:       29)  3 ( 5.9%) |**********
		[       29:       33)  0 ( 0.0%) |
		[       33:       37)  0 ( 0.0%) |
		[       37:       41)  0 ( 0.0%) |
	Output Pin Usage:
		Max: 19.00 (0.95)
		Avg: 9.08 (0.45)
		Min: 1.00 (0.05)
		Histogram:
		[        0:        2)  4 ( 7.8%) |*********
		[        2:        4)  2 ( 3.9%) |*****
		[        4:        6)  3 ( 5.9%) |*******
		[        6:        8) 21 (41.2%) |************************************************
		[        8:       10)  7 (13.7%) |****************
		[       10:       12)  1 ( 2.0%) |**
		[       12:       14)  4 ( 7.8%) |*********
		[       14:       16)  5 ( 9.8%) |***********
		[       16:       18)  3 ( 5.9%) |*******
		[       18:       20)  1 ( 2.0%) |**

Type: mult_36
	Input Pin Usage:
		Max: 16.00 (0.22)
		Avg: 16.00 (0.22)
		Min: 16.00 (0.22)
		Histogram:
		[        0:      7.2) 0 ( 0.0%) |
		[      7.2:       14) 0 ( 0.0%) |
		[       14:       22) 1 (100.0%) |**************************************************
		[       22:       29) 0 ( 0.0%) |
		[       29:       36) 0 ( 0.0%) |
		[       36:       43) 0 ( 0.0%) |
		[       43:       50) 0 ( 0.0%) |
		[       50:       58) 0 ( 0.0%) |
		[       58:       65) 0 ( 0.0%) |
		[       65:       72) 0 ( 0.0%) |
	Output Pin Usage:
		Max: 16.00 (0.22)
		Avg: 16.00 (0.22)
		Min: 16.00 (0.22)
		Histogram:
		[        0:      7.2) 0 ( 0.0%) |
		[      7.2:       14) 0 ( 0.0%) |
		[       14:       22) 1 (100.0%) |**************************************************
		[       22:       29) 0 ( 0.0%) |
		[       29:       36) 0 ( 0.0%) |
		[       36:       43) 0 ( 0.0%) |
		[       43:       50) 0 ( 0.0%) |
		[       50:       58) 0 ( 0.0%) |
		[       58:       65) 0 ( 0.0%) |
		[       65:       72) 0 ( 0.0%) |

