#Packing pin usage report
Type: io
	Input Pin Usage:
		Max: 1.00 (0.50)
		Avg: 0.50 (0.25)
		Min: 0.00 (0.00)
		Histogram:
		[        0:      0.2) 168 (50.0%) |***********************************************
		[      0.2:      0.4)   0 ( 0.0%) |
		[      0.4:      0.6)   0 ( 0.0%) |
		[      0.6:      0.8)   0 ( 0.0%) |
		[      0.8:        1) 168 (50.0%) |***********************************************
		[        1:      1.2)   0 ( 0.0%) |
		[      1.2:      1.4)   0 ( 0.0%) |
		[      1.4:      1.6)   0 ( 0.0%) |
		[      1.6:      1.8)   0 ( 0.0%) |
		[      1.8:        2)   0 ( 0.0%) |
	Output Pin Usage:
		Max: 1.00 (1.00)
		Avg: 0.50 (0.50)
		Min: 0.00 (0.00)
		Histogram:
		[        0:      0.1) 168 (50.0%) |***********************************************
		[      0.1:      0.2)   0 ( 0.0%) |
		[      0.2:      0.3)   0 ( 0.0%) |
		[      0.3:      0.4)   0 ( 0.0%) |
		[      0.4:      0.5)   0 ( 0.0%) |
		[      0.5:      0.6)   0 ( 0.0%) |
		[      0.6:      0.7)   0 ( 0.0%) |
		[      0.7:      0.8)   0 ( 0.0%) |
		[      0.8:      0.9)   0 ( 0.0%) |
		[      0.9:        1) 168 (50.0%) |***********************************************

Type: clb
	Input Pin Usage:
		Max: 31.00 (0.76)
		Avg: 19.89 (0.49)
		Min: 3.00 (0.07)
		Histogram:
		[        0:      4.1)  2 ( 1.0%) |*
		[      4.1:      8.2)  1 ( 0.5%) |*
		[      8.2:       12)  7 ( 3.4%) |*****
		[       12:       16) 28 (13.7%) |*******************
		[       16:       20) 72 (35.1%) |************************************************
		[       20:       25) 72 (35.1%) |************************************************
		[       25:       29) 18 ( 8.8%) |************
		[       29:       33)  5 ( 2.4%) |***
		[       33:       37)  0 ( 0.0%) |
		[       37:       41)  0 ( 0.0%) |
	Output Pin Usage:
		Max: 19.00 (0.95)
		Avg: 9.91 (0.50)
		Min: 1.00 (0.05)
		Histogram:
		[        0:        2)  3 ( 1.5%) |***
		[        2:        4)  8 ( 3.9%) |*******
		[        4:        6) 26 (12.7%) |************************
		[        6:        8) 53 (25.9%) |************************************************
		[        8:       10) 42 (20.5%) |**************************************
		[       10:       12) 27 (13.2%) |************************
		[       12:       14) 10 ( 4.9%) |*********
		[       14:       16) 14 ( 6.8%) |*************
		[       16:       18) 17 ( 8.3%) |***************
		[       18:       20)  5 ( 2.4%) |*****

