#Packing pin usage report
Type: io
	Input Pin Usage:
		Max: 1.00 (0.50)
		Avg: 0.67 (0.33)
		Min: 0.00 (0.00)
		Histogram:
		[        0:      0.2) 50 (33.3%) |************************
		[      0.2:      0.4)  0 ( 0.0%) |
		[      0.4:      0.6)  0 ( 0.0%) |
		[      0.6:      0.8)  0 ( 0.0%) |
		[      0.8:        1) 100 (66.7%) |************************************************
		[        1:      1.2)  0 ( 0.0%) |
		[      1.2:      1.4)  0 ( 0.0%) |
		[      1.4:      1.6)  0 ( 0.0%) |
		[      1.6:      1.8)  0 ( 0.0%) |
		[      1.8:        2)  0 ( 0.0%) |
	Output Pin Usage:
		Max: 1.00 (1.00)
		Avg: 0.33 (0.33)
		Min: 0.00 (0.00)
		Histogram:
		[        0:      0.1) 100 (66.7%) |************************************************
		[      0.1:      0.2)  0 ( 0.0%) |
		[      0.2:      0.3)  0 ( 0.0%) |
		[      0.3:      0.4)  0 ( 0.0%) |
		[      0.4:      0.5)  0 ( 0.0%) |
		[      0.5:      0.6)  0 ( 0.0%) |
		[      0.6:      0.7)  0 ( 0.0%) |
		[      0.7:      0.8)  0 ( 0.0%) |
		[      0.8:      0.9)  0 ( 0.0%) |
		[      0.9:        1) 50 (33.3%) |************************

Type: clb
	Input Pin Usage:
		Max: 27.00 (0.66)
		Avg: 15.18 (0.37)
		Min: 2.00 (0.05)
		Histogram:
		[        0:      4.1)  1 ( 2.9%) |****
		[      4.1:      8.2)  1 ( 2.9%) |****
		[      8.2:       12) 10 (29.4%) |*************************************
		[       12:       16)  6 (17.6%) |**********************
		[       16:       20) 13 (38.2%) |************************************************
		[       20:       25)  1 ( 2.9%) |****
		[       25:       29)  2 ( 5.9%) |*******
		[       29:       33)  0 ( 0.0%) |
		[       33:       37)  0 ( 0.0%) |
		[       37:       41)  0 ( 0.0%) |
	Output Pin Usage:
		Max: 15.00 (0.75)
		Avg: 8.74 (0.44)
		Min: 1.00 (0.05)
		Histogram:
		[        0:        2)  2 ( 5.9%) |*********
		[        2:        4)  0 ( 0.0%) |
		[        4:        6)  3 ( 8.8%) |*************
		[        6:        8) 11 (32.4%) |************************************************
		[        8:       10) 10 (29.4%) |********************************************
		[       10:       12)  5 (14.7%) |**********************
		[       12:       14)  1 ( 2.9%) |****
		[       14:       16)  2 ( 5.9%) |*********
		[       16:       18)  0 ( 0.0%) |
		[       18:       20)  0 ( 0.0%) |

