#Packing pin usage report
Type: io
	Input Pin Usage:
		Max: 1.00 (0.50)
		Avg: 0.50 (0.25)
		Min: 0.00 (0.00)
		Histogram:
		[        0:      0.2) 920 (50.0%) |***********************************************
		[      0.2:      0.4)   0 ( 0.0%) |
		[      0.4:      0.6)   0 ( 0.0%) |
		[      0.6:      0.8)   0 ( 0.0%) |
		[      0.8:        1) 920 (50.0%) |***********************************************
		[        1:      1.2)   0 ( 0.0%) |
		[      1.2:      1.4)   0 ( 0.0%) |
		[      1.4:      1.6)   0 ( 0.0%) |
		[      1.6:      1.8)   0 ( 0.0%) |
		[      1.8:        2)   0 ( 0.0%) |
	Output Pin Usage:
		Max: 1.00 (1.00)
		Avg: 0.50 (0.50)
		Min: 0.00 (0.00)
		Histogram:
		[        0:      0.1) 920 (50.0%) |***********************************************
		[      0.1:      0.2)   0 ( 0.0%) |
		[      0.2:      0.3)   0 ( 0.0%) |
		[      0.3:      0.4)   0 ( 0.0%) |
		[      0.4:      0.5)   0 ( 0.0%) |
		[      0.5:      0.6)   0 ( 0.0%) |
		[      0.6:      0.7)   0 ( 0.0%) |
		[      0.7:      0.8)   0 ( 0.0%) |
		[      0.8:      0.9)   0 ( 0.0%) |
		[      0.9:        1) 920 (50.0%) |***********************************************

Type: clb
	Input Pin Usage:
		Max: 32.00 (0.78)
		Avg: 19.70 (0.48)
		Min: 2.00 (0.05)
		Histogram:
		[        0:      4.1)  19 ( 4.7%) |******
		[      4.1:      8.2)  14 ( 3.4%) |*****
		[      8.2:       12)   3 ( 0.7%) |*
		[       12:       16)  34 ( 8.4%) |***********
		[       16:       20) 131 (32.2%) |********************************************
		[       20:       25) 139 (34.2%) |***********************************************
		[       25:       29)  53 (13.0%) |******************
		[       29:       33)  14 ( 3.4%) |*****
		[       33:       37)   0 ( 0.0%) |
		[       37:       41)   0 ( 0.0%) |
	Output Pin Usage:
		Max: 20.00 (1.00)
		Avg: 9.67 (0.48)
		Min: 1.00 (0.05)
		Histogram:
		[        0:        2)  19 ( 4.7%) |******
		[        2:        4)  11 ( 2.7%) |****
		[        4:        6)  41 (10.1%) |**************
		[        6:        8) 139 (34.2%) |***********************************************
		[        8:       10)  77 (18.9%) |**************************
		[       10:       12)  25 ( 6.1%) |********
		[       12:       14)  21 ( 5.2%) |*******
		[       14:       16)  20 ( 4.9%) |*******
		[       16:       18)  23 ( 5.7%) |********
		[       18:       20)  31 ( 7.6%) |**********

Type: mult_36
	Input Pin Usage:
		Max: 46.00 (0.64)
		Avg: 46.00 (0.64)
		Min: 46.00 (0.64)
		Histogram:
		[        0:      7.2)  0 ( 0.0%) |
		[      7.2:       14)  0 ( 0.0%) |
		[       14:       22)  0 ( 0.0%) |
		[       22:       29)  0 ( 0.0%) |
		[       29:       36)  0 ( 0.0%) |
		[       36:       43)  0 ( 0.0%) |
		[       43:       50) 16 (100.0%) |************************************************
		[       50:       58)  0 ( 0.0%) |
		[       58:       65)  0 ( 0.0%) |
		[       65:       72)  0 ( 0.0%) |
	Output Pin Usage:
		Max: 46.00 (0.64)
		Avg: 46.00 (0.64)
		Min: 46.00 (0.64)
		Histogram:
		[        0:      7.2)  0 ( 0.0%) |
		[      7.2:       14)  0 ( 0.0%) |
		[       14:       22)  0 ( 0.0%) |
		[       22:       29)  0 ( 0.0%) |
		[       29:       36)  0 ( 0.0%) |
		[       36:       43)  0 ( 0.0%) |
		[       43:       50) 16 (100.0%) |************************************************
		[       50:       58)  0 ( 0.0%) |
		[       58:       65)  0 ( 0.0%) |
		[       65:       72)  0 ( 0.0%) |

