#Packing pin usage report
Type: io
	Input Pin Usage:
		Max: 1.00 (0.50)
		Avg: 0.67 (0.33)
		Min: 0.00 (0.00)
		Histogram:
		[        0:      0.2) 140 (33.3%) |************************
		[      0.2:      0.4)   0 ( 0.0%) |
		[      0.4:      0.6)   0 ( 0.0%) |
		[      0.6:      0.8)   0 ( 0.0%) |
		[      0.8:        1) 280 (66.7%) |***********************************************
		[        1:      1.2)   0 ( 0.0%) |
		[      1.2:      1.4)   0 ( 0.0%) |
		[      1.4:      1.6)   0 ( 0.0%) |
		[      1.6:      1.8)   0 ( 0.0%) |
		[      1.8:        2)   0 ( 0.0%) |
	Output Pin Usage:
		Max: 1.00 (1.00)
		Avg: 0.33 (0.33)
		Min: 0.00 (0.00)
		Histogram:
		[        0:      0.1) 280 (66.7%) |***********************************************
		[      0.1:      0.2)   0 ( 0.0%) |
		[      0.2:      0.3)   0 ( 0.0%) |
		[      0.3:      0.4)   0 ( 0.0%) |
		[      0.4:      0.5)   0 ( 0.0%) |
		[      0.5:      0.6)   0 ( 0.0%) |
		[      0.6:      0.7)   0 ( 0.0%) |
		[      0.7:      0.8)   0 ( 0.0%) |
		[      0.8:      0.9)   0 ( 0.0%) |
		[      0.9:        1) 140 (33.3%) |************************

Type: clb
	Input Pin Usage:
		Max: 28.00 (0.68)
		Avg: 20.73 (0.51)
		Min: 12.00 (0.29)
		Histogram:
		[        0:      4.1)  0 ( 0.0%) |
		[      4.1:      8.2)  0 ( 0.0%) |
		[      8.2:       12)  2 ( 6.1%) |******
		[       12:       16)  3 ( 9.1%) |**********
		[       16:       20)  9 (27.3%) |*****************************
		[       20:       25) 15 (45.5%) |************************************************
		[       25:       29)  4 (12.1%) |*************
		[       29:       33)  0 ( 0.0%) |
		[       33:       37)  0 ( 0.0%) |
		[       37:       41)  0 ( 0.0%) |
	Output Pin Usage:
		Max: 19.00 (0.95)
		Avg: 10.52 (0.53)
		Min: 6.00 (0.30)
		Histogram:
		[        0:        2)  0 ( 0.0%) |
		[        2:        4)  0 ( 0.0%) |
		[        4:        6)  3 ( 9.1%) |**********
		[        6:        8) 14 (42.4%) |************************************************
		[        8:       10)  3 ( 9.1%) |**********
		[       10:       12)  4 (12.1%) |**************
		[       12:       14)  2 ( 6.1%) |*******
		[       14:       16)  2 ( 6.1%) |*******
		[       16:       18)  3 ( 9.1%) |**********
		[       18:       20)  2 ( 6.1%) |*******

Type: mult_36
	Input Pin Usage:
		Max: 56.00 (0.78)
		Avg: 44.80 (0.62)
		Min: 28.00 (0.39)
		Histogram:
		[        0:      7.2) 0 ( 0.0%) |
		[      7.2:       14) 0 ( 0.0%) |
		[       14:       22) 0 ( 0.0%) |
		[       22:       29) 2 (40.0%) |*********************************
		[       29:       36) 0 ( 0.0%) |
		[       36:       43) 0 ( 0.0%) |
		[       43:       50) 0 ( 0.0%) |
		[       50:       58) 3 (60.0%) |*************************************************
		[       58:       65) 0 ( 0.0%) |
		[       65:       72) 0 ( 0.0%) |
	Output Pin Usage:
		Max: 56.00 (0.78)
		Avg: 44.80 (0.62)
		Min: 28.00 (0.39)
		Histogram:
		[        0:      7.2) 0 ( 0.0%) |
		[      7.2:       14) 0 ( 0.0%) |
		[       14:       22) 0 ( 0.0%) |
		[       22:       29) 2 (40.0%) |*********************************
		[       29:       36) 0 ( 0.0%) |
		[       36:       43) 0 ( 0.0%) |
		[       43:       50) 0 ( 0.0%) |
		[       50:       58) 3 (60.0%) |*************************************************
		[       58:       65) 0 ( 0.0%) |
		[       65:       72) 0 ( 0.0%) |

