#Packing pin usage report
Type: io
	Input Pin Usage:
		Max: 1.00 (0.50)
		Avg: 0.67 (0.33)
		Min: 0.00 (0.00)
		Histogram:
		[        0:      0.2) 140 (33.3%) |************************
		[      0.2:      0.4)   0 ( 0.0%) |
		[      0.4:      0.6)   0 ( 0.0%) |
		[      0.6:      0.8)   0 ( 0.0%) |
		[      0.8:        1) 280 (66.7%) |***********************************************
		[        1:      1.2)   0 ( 0.0%) |
		[      1.2:      1.4)   0 ( 0.0%) |
		[      1.4:      1.6)   0 ( 0.0%) |
		[      1.6:      1.8)   0 ( 0.0%) |
		[      1.8:        2)   0 ( 0.0%) |
	Output Pin Usage:
		Max: 1.00 (1.00)
		Avg: 0.33 (0.33)
		Min: 0.00 (0.00)
		Histogram:
		[        0:      0.1) 280 (66.7%) |***********************************************
		[      0.1:      0.2)   0 ( 0.0%) |
		[      0.2:      0.3)   0 ( 0.0%) |
		[      0.3:      0.4)   0 ( 0.0%) |
		[      0.4:      0.5)   0 ( 0.0%) |
		[      0.5:      0.6)   0 ( 0.0%) |
		[      0.6:      0.7)   0 ( 0.0%) |
		[      0.7:      0.8)   0 ( 0.0%) |
		[      0.8:      0.9)   0 ( 0.0%) |
		[      0.9:        1) 140 (33.3%) |************************

Type: clb
	Input Pin Usage:
		Max: 31.00 (0.76)
		Avg: 21.56 (0.53)
		Min: 3.00 (0.07)
		Histogram:
		[        0:      4.1)  1 ( 0.8%) |*
		[      4.1:      8.2)  1 ( 0.8%) |*
		[      8.2:       12)  2 ( 1.5%) |**
		[       12:       16) 10 ( 7.5%) |*********
		[       16:       20) 34 (25.6%) |*******************************
		[       20:       25) 52 (39.1%) |************************************************
		[       25:       29) 28 (21.1%) |**************************
		[       29:       33)  5 ( 3.8%) |*****
		[       33:       37)  0 ( 0.0%) |
		[       37:       41)  0 ( 0.0%) |
	Output Pin Usage:
		Max: 20.00 (1.00)
		Avg: 10.59 (0.53)
		Min: 2.00 (0.10)
		Histogram:
		[        0:        2)  1 ( 0.8%) |*
		[        2:        4)  2 ( 1.5%) |**
		[        4:        6)  6 ( 4.5%) |******
		[        6:        8) 45 (33.8%) |************************************************
		[        8:       10) 32 (24.1%) |**********************************
		[       10:       12) 11 ( 8.3%) |************
		[       12:       14) 11 ( 8.3%) |************
		[       14:       16)  7 ( 5.3%) |*******
		[       16:       18) 10 ( 7.5%) |***********
		[       18:       20)  8 ( 6.0%) |*********

Type: mult_36
	Input Pin Usage:
		Max: 56.00 (0.78)
		Avg: 46.67 (0.65)
		Min: 28.00 (0.39)
		Histogram:
		[        0:      7.2) 0 ( 0.0%) |
		[      7.2:       14) 0 ( 0.0%) |
		[       14:       22) 0 ( 0.0%) |
		[       22:       29) 1 (33.3%) |*************************
		[       29:       36) 0 ( 0.0%) |
		[       36:       43) 0 ( 0.0%) |
		[       43:       50) 0 ( 0.0%) |
		[       50:       58) 2 (66.7%) |*************************************************
		[       58:       65) 0 ( 0.0%) |
		[       65:       72) 0 ( 0.0%) |
	Output Pin Usage:
		Max: 56.00 (0.78)
		Avg: 46.67 (0.65)
		Min: 28.00 (0.39)
		Histogram:
		[        0:      7.2) 0 ( 0.0%) |
		[      7.2:       14) 0 ( 0.0%) |
		[       14:       22) 0 ( 0.0%) |
		[       22:       29) 1 (33.3%) |*************************
		[       29:       36) 0 ( 0.0%) |
		[       36:       43) 0 ( 0.0%) |
		[       43:       50) 0 ( 0.0%) |
		[       50:       58) 2 (66.7%) |*************************************************
		[       58:       65) 0 ( 0.0%) |
		[       65:       72) 0 ( 0.0%) |

