#Packing pin usage report
Type: io
	Input Pin Usage:
		Max: 1.00 (0.50)
		Avg: 0.67 (0.33)
		Min: 0.00 (0.00)
		Histogram:
		[        0:      0.2) 50 (33.3%) |************************
		[      0.2:      0.4)  0 ( 0.0%) |
		[      0.4:      0.6)  0 ( 0.0%) |
		[      0.6:      0.8)  0 ( 0.0%) |
		[      0.8:        1) 100 (66.7%) |************************************************
		[        1:      1.2)  0 ( 0.0%) |
		[      1.2:      1.4)  0 ( 0.0%) |
		[      1.4:      1.6)  0 ( 0.0%) |
		[      1.6:      1.8)  0 ( 0.0%) |
		[      1.8:        2)  0 ( 0.0%) |
	Output Pin Usage:
		Max: 1.00 (1.00)
		Avg: 0.33 (0.33)
		Min: 0.00 (0.00)
		Histogram:
		[        0:      0.1) 100 (66.7%) |************************************************
		[      0.1:      0.2)  0 ( 0.0%) |
		[      0.2:      0.3)  0 ( 0.0%) |
		[      0.3:      0.4)  0 ( 0.0%) |
		[      0.4:      0.5)  0 ( 0.0%) |
		[      0.5:      0.6)  0 ( 0.0%) |
		[      0.6:      0.7)  0 ( 0.0%) |
		[      0.7:      0.8)  0 ( 0.0%) |
		[      0.8:      0.9)  0 ( 0.0%) |
		[      0.9:        1) 50 (33.3%) |************************

Type: clb
	Input Pin Usage:
		Max: 23.00 (0.56)
		Avg: 13.91 (0.34)
		Min: 2.00 (0.05)
		Histogram:
		[        0:      4.1)  3 ( 9.4%) |***********
		[      4.1:      8.2)  1 ( 3.1%) |****
		[      8.2:       12) 12 (37.5%) |********************************************
		[       12:       16)  2 ( 6.2%) |*******
		[       16:       20) 13 (40.6%) |************************************************
		[       20:       25)  1 ( 3.1%) |****
		[       25:       29)  0 ( 0.0%) |
		[       29:       33)  0 ( 0.0%) |
		[       33:       37)  0 ( 0.0%) |
		[       37:       41)  0 ( 0.0%) |
	Output Pin Usage:
		Max: 15.00 (0.75)
		Avg: 7.72 (0.39)
		Min: 1.00 (0.05)
		Histogram:
		[        0:        2)  3 ( 9.4%) |************
		[        2:        4)  3 ( 9.4%) |************
		[        4:        6)  4 (12.5%) |****************
		[        6:        8) 12 (37.5%) |************************************************
		[        8:       10)  2 ( 6.2%) |********
		[       10:       12)  4 (12.5%) |****************
		[       12:       14)  3 ( 9.4%) |************
		[       14:       16)  1 ( 3.1%) |****
		[       16:       18)  0 ( 0.0%) |
		[       18:       20)  0 ( 0.0%) |

