#Packing pin usage report
Type: io
	Input Pin Usage:
		Max: 1.00 (0.50)
		Avg: 0.50 (0.25)
		Min: 0.00 (0.00)
		Histogram:
		[        0:      0.2) 920 (50.0%) |***********************************************
		[      0.2:      0.4)   0 ( 0.0%) |
		[      0.4:      0.6)   0 ( 0.0%) |
		[      0.6:      0.8)   0 ( 0.0%) |
		[      0.8:        1) 920 (50.0%) |***********************************************
		[        1:      1.2)   0 ( 0.0%) |
		[      1.2:      1.4)   0 ( 0.0%) |
		[      1.4:      1.6)   0 ( 0.0%) |
		[      1.6:      1.8)   0 ( 0.0%) |
		[      1.8:        2)   0 ( 0.0%) |
	Output Pin Usage:
		Max: 1.00 (1.00)
		Avg: 0.50 (0.50)
		Min: 0.00 (0.00)
		Histogram:
		[        0:      0.1) 920 (50.0%) |***********************************************
		[      0.1:      0.2)   0 ( 0.0%) |
		[      0.2:      0.3)   0 ( 0.0%) |
		[      0.3:      0.4)   0 ( 0.0%) |
		[      0.4:      0.5)   0 ( 0.0%) |
		[      0.5:      0.6)   0 ( 0.0%) |
		[      0.6:      0.7)   0 ( 0.0%) |
		[      0.7:      0.8)   0 ( 0.0%) |
		[      0.8:      0.9)   0 ( 0.0%) |
		[      0.9:        1) 920 (50.0%) |***********************************************

Type: clb
	Input Pin Usage:
		Max: 32.00 (0.78)
		Avg: 20.17 (0.49)
		Min: 2.00 (0.05)
		Histogram:
		[        0:      4.1) 111 ( 5.5%) |*******
		[      4.1:      8.2)  44 ( 2.2%) |***
		[      8.2:       12)  25 ( 1.2%) |*
		[       12:       16) 126 ( 6.2%) |********
		[       16:       20) 557 (27.6%) |*********************************
		[       20:       25) 784 (38.9%) |***********************************************
		[       25:       29) 294 (14.6%) |******************
		[       29:       33)  77 ( 3.8%) |*****
		[       33:       37)   0 ( 0.0%) |
		[       37:       41)   0 ( 0.0%) |
	Output Pin Usage:
		Max: 20.00 (1.00)
		Avg: 9.78 (0.49)
		Min: 1.00 (0.05)
		Histogram:
		[        0:        2)  99 ( 4.9%) |*******
		[        2:        4)  47 ( 2.3%) |***
		[        4:        6) 172 ( 8.5%) |************
		[        6:        8) 662 (32.8%) |***********************************************
		[        8:       10) 388 (19.2%) |****************************
		[       10:       12) 196 ( 9.7%) |**************
		[       12:       14)  83 ( 4.1%) |******
		[       14:       16) 105 ( 5.2%) |*******
		[       16:       18) 151 ( 7.5%) |***********
		[       18:       20) 115 ( 5.7%) |********

