#Packing pin usage report
Type: io
	Input Pin Usage:
		Max: 1.00 (0.50)
		Avg: 0.67 (0.33)
		Min: 0.00 (0.00)
		Histogram:
		[        0:      0.2) 230 (33.3%) |************************
		[      0.2:      0.4)   0 ( 0.0%) |
		[      0.4:      0.6)   0 ( 0.0%) |
		[      0.6:      0.8)   0 ( 0.0%) |
		[      0.8:        1) 460 (66.7%) |***********************************************
		[        1:      1.2)   0 ( 0.0%) |
		[      1.2:      1.4)   0 ( 0.0%) |
		[      1.4:      1.6)   0 ( 0.0%) |
		[      1.6:      1.8)   0 ( 0.0%) |
		[      1.8:        2)   0 ( 0.0%) |
	Output Pin Usage:
		Max: 1.00 (1.00)
		Avg: 0.33 (0.33)
		Min: 0.00 (0.00)
		Histogram:
		[        0:      0.1) 460 (66.7%) |***********************************************
		[      0.1:      0.2)   0 ( 0.0%) |
		[      0.2:      0.3)   0 ( 0.0%) |
		[      0.3:      0.4)   0 ( 0.0%) |
		[      0.4:      0.5)   0 ( 0.0%) |
		[      0.5:      0.6)   0 ( 0.0%) |
		[      0.6:      0.7)   0 ( 0.0%) |
		[      0.7:      0.8)   0 ( 0.0%) |
		[      0.8:      0.9)   0 ( 0.0%) |
		[      0.9:        1) 230 (33.3%) |************************

Type: clb
	Input Pin Usage:
		Max: 32.00 (0.78)
		Avg: 20.45 (0.50)
		Min: 2.00 (0.05)
		Histogram:
		[        0:      4.1)  28 ( 4.7%) |******
		[      4.1:      8.2)  12 ( 2.0%) |**
		[      8.2:       12)  11 ( 1.8%) |**
		[       12:       16)  40 ( 6.7%) |********
		[       16:       20) 151 (25.2%) |*******************************
		[       20:       25) 230 (38.4%) |***********************************************
		[       25:       29) 103 (17.2%) |*********************
		[       29:       33)  24 ( 4.0%) |*****
		[       33:       37)   0 ( 0.0%) |
		[       37:       41)   0 ( 0.0%) |
	Output Pin Usage:
		Max: 20.00 (1.00)
		Avg: 9.89 (0.49)
		Min: 1.00 (0.05)
		Histogram:
		[        0:        2)  26 ( 4.3%) |******
		[        2:        4)  15 ( 2.5%) |***
		[        4:        6)  53 ( 8.8%) |************
		[        6:        8) 212 (35.4%) |***********************************************
		[        8:       10)  99 (16.5%) |**********************
		[       10:       12)  45 ( 7.5%) |**********
		[       12:       14)  30 ( 5.0%) |*******
		[       14:       16)  39 ( 6.5%) |*********
		[       16:       18)  38 ( 6.3%) |********
		[       18:       20)  42 ( 7.0%) |*********

Type: mult_36
	Input Pin Usage:
		Max: 46.00 (0.64)
		Avg: 46.00 (0.64)
		Min: 46.00 (0.64)
		Histogram:
		[        0:      7.2) 0 ( 0.0%) |
		[      7.2:       14) 0 ( 0.0%) |
		[       14:       22) 0 ( 0.0%) |
		[       22:       29) 0 ( 0.0%) |
		[       29:       36) 0 ( 0.0%) |
		[       36:       43) 0 ( 0.0%) |
		[       43:       50) 3 (100.0%) |*************************************************
		[       50:       58) 0 ( 0.0%) |
		[       58:       65) 0 ( 0.0%) |
		[       65:       72) 0 ( 0.0%) |
	Output Pin Usage:
		Max: 46.00 (0.64)
		Avg: 46.00 (0.64)
		Min: 46.00 (0.64)
		Histogram:
		[        0:      7.2) 0 ( 0.0%) |
		[      7.2:       14) 0 ( 0.0%) |
		[       14:       22) 0 ( 0.0%) |
		[       22:       29) 0 ( 0.0%) |
		[       29:       36) 0 ( 0.0%) |
		[       36:       43) 0 ( 0.0%) |
		[       43:       50) 3 (100.0%) |*************************************************
		[       50:       58) 0 ( 0.0%) |
		[       58:       65) 0 ( 0.0%) |
		[       65:       72) 0 ( 0.0%) |

