#Packing pin usage report
Type: io
	Input Pin Usage:
		Max: 1.00 (0.50)
		Avg: 0.67 (0.33)
		Min: 0.00 (0.00)
		Histogram:
		[        0:      0.2) 140 (33.3%) |************************
		[      0.2:      0.4)   0 ( 0.0%) |
		[      0.4:      0.6)   0 ( 0.0%) |
		[      0.6:      0.8)   0 ( 0.0%) |
		[      0.8:        1) 280 (66.7%) |***********************************************
		[        1:      1.2)   0 ( 0.0%) |
		[      1.2:      1.4)   0 ( 0.0%) |
		[      1.4:      1.6)   0 ( 0.0%) |
		[      1.6:      1.8)   0 ( 0.0%) |
		[      1.8:        2)   0 ( 0.0%) |
	Output Pin Usage:
		Max: 1.00 (1.00)
		Avg: 0.33 (0.33)
		Min: 0.00 (0.00)
		Histogram:
		[        0:      0.1) 280 (66.7%) |***********************************************
		[      0.1:      0.2)   0 ( 0.0%) |
		[      0.2:      0.3)   0 ( 0.0%) |
		[      0.3:      0.4)   0 ( 0.0%) |
		[      0.4:      0.5)   0 ( 0.0%) |
		[      0.5:      0.6)   0 ( 0.0%) |
		[      0.6:      0.7)   0 ( 0.0%) |
		[      0.7:      0.8)   0 ( 0.0%) |
		[      0.8:      0.9)   0 ( 0.0%) |
		[      0.9:        1) 140 (33.3%) |************************

Type: clb
	Input Pin Usage:
		Max: 29.00 (0.71)
		Avg: 21.66 (0.53)
		Min: 9.00 (0.22)
		Histogram:
		[        0:      4.1)  0 ( 0.0%) |
		[      4.1:      8.2)  0 ( 0.0%) |
		[      8.2:       12)  1 ( 1.5%) |**
		[       12:       16)  9 (13.4%) |*****************
		[       16:       20) 12 (17.9%) |***********************
		[       20:       25) 25 (37.3%) |************************************************
		[       25:       29) 16 (23.9%) |*******************************
		[       29:       33)  4 ( 6.0%) |********
		[       33:       37)  0 ( 0.0%) |
		[       37:       41)  0 ( 0.0%) |
	Output Pin Usage:
		Max: 20.00 (1.00)
		Avg: 10.37 (0.52)
		Min: 5.00 (0.25)
		Histogram:
		[        0:        2)  0 ( 0.0%) |
		[        2:        4)  0 ( 0.0%) |
		[        4:        6)  4 ( 6.0%) |********
		[        6:        8) 25 (37.3%) |************************************************
		[        8:       10) 12 (17.9%) |***********************
		[       10:       12) 13 (19.4%) |*************************
		[       12:       14)  1 ( 1.5%) |**
		[       14:       16)  6 ( 9.0%) |************
		[       16:       18)  4 ( 6.0%) |********
		[       18:       20)  2 ( 3.0%) |****

Type: mult_36
	Input Pin Usage:
		Max: 56.00 (0.78)
		Avg: 49.00 (0.68)
		Min: 28.00 (0.39)
		Histogram:
		[        0:      7.2) 0 ( 0.0%) |
		[      7.2:       14) 0 ( 0.0%) |
		[       14:       22) 0 ( 0.0%) |
		[       22:       29) 1 (25.0%) |****************
		[       29:       36) 0 ( 0.0%) |
		[       36:       43) 0 ( 0.0%) |
		[       43:       50) 0 ( 0.0%) |
		[       50:       58) 3 (75.0%) |*************************************************
		[       58:       65) 0 ( 0.0%) |
		[       65:       72) 0 ( 0.0%) |
	Output Pin Usage:
		Max: 56.00 (0.78)
		Avg: 49.00 (0.68)
		Min: 28.00 (0.39)
		Histogram:
		[        0:      7.2) 0 ( 0.0%) |
		[      7.2:       14) 0 ( 0.0%) |
		[       14:       22) 0 ( 0.0%) |
		[       22:       29) 1 (25.0%) |****************
		[       29:       36) 0 ( 0.0%) |
		[       36:       43) 0 ( 0.0%) |
		[       43:       50) 0 ( 0.0%) |
		[       50:       58) 3 (75.0%) |*************************************************
		[       58:       65) 0 ( 0.0%) |
		[       65:       72) 0 ( 0.0%) |

