#Packing pin usage report
Type: io
	Input Pin Usage:
		Max: 1.00 (0.50)
		Avg: 0.50 (0.25)
		Min: 0.00 (0.00)
		Histogram:
		[        0:      0.2) 560 (50.0%) |***********************************************
		[      0.2:      0.4)   0 ( 0.0%) |
		[      0.4:      0.6)   0 ( 0.0%) |
		[      0.6:      0.8)   0 ( 0.0%) |
		[      0.8:        1) 560 (50.0%) |***********************************************
		[        1:      1.2)   0 ( 0.0%) |
		[      1.2:      1.4)   0 ( 0.0%) |
		[      1.4:      1.6)   0 ( 0.0%) |
		[      1.6:      1.8)   0 ( 0.0%) |
		[      1.8:        2)   0 ( 0.0%) |
	Output Pin Usage:
		Max: 1.00 (1.00)
		Avg: 0.50 (0.50)
		Min: 0.00 (0.00)
		Histogram:
		[        0:      0.1) 560 (50.0%) |***********************************************
		[      0.1:      0.2)   0 ( 0.0%) |
		[      0.2:      0.3)   0 ( 0.0%) |
		[      0.3:      0.4)   0 ( 0.0%) |
		[      0.4:      0.5)   0 ( 0.0%) |
		[      0.5:      0.6)   0 ( 0.0%) |
		[      0.6:      0.7)   0 ( 0.0%) |
		[      0.7:      0.8)   0 ( 0.0%) |
		[      0.8:      0.9)   0 ( 0.0%) |
		[      0.9:        1) 560 (50.0%) |***********************************************

Type: clb
	Input Pin Usage:
		Max: 31.00 (0.76)
		Avg: 20.30 (0.50)
		Min: 2.00 (0.05)
		Histogram:
		[        0:      4.1)  5 ( 1.6%) |**
		[      4.1:      8.2)  3 ( 1.0%) |*
		[      8.2:       12) 10 ( 3.3%) |*****
		[       12:       16) 37 (12.1%) |******************
		[       16:       20) 92 (30.2%) |*********************************************
		[       20:       25) 98 (32.1%) |************************************************
		[       25:       29) 53 (17.4%) |**************************
		[       29:       33)  7 ( 2.3%) |***
		[       33:       37)  0 ( 0.0%) |
		[       37:       41)  0 ( 0.0%) |
	Output Pin Usage:
		Max: 20.00 (1.00)
		Avg: 10.36 (0.52)
		Min: 1.00 (0.05)
		Histogram:
		[        0:        2)  8 ( 2.6%) |****
		[        2:        4)  3 ( 1.0%) |**
		[        4:        6) 16 ( 5.2%) |********
		[        6:        8) 91 (29.8%) |************************************************
		[        8:       10) 69 (22.6%) |************************************
		[       10:       12) 35 (11.5%) |******************
		[       12:       14) 25 ( 8.2%) |*************
		[       14:       16) 27 ( 8.9%) |**************
		[       16:       18) 19 ( 6.2%) |**********
		[       18:       20) 12 ( 3.9%) |******

Type: mult_36
	Input Pin Usage:
		Max: 28.00 (0.39)
		Avg: 28.00 (0.39)
		Min: 28.00 (0.39)
		Histogram:
		[        0:      7.2)  0 ( 0.0%) |
		[      7.2:       14)  0 ( 0.0%) |
		[       14:       22)  0 ( 0.0%) |
		[       22:       29) 11 (100.0%) |************************************************
		[       29:       36)  0 ( 0.0%) |
		[       36:       43)  0 ( 0.0%) |
		[       43:       50)  0 ( 0.0%) |
		[       50:       58)  0 ( 0.0%) |
		[       58:       65)  0 ( 0.0%) |
		[       65:       72)  0 ( 0.0%) |
	Output Pin Usage:
		Max: 28.00 (0.39)
		Avg: 28.00 (0.39)
		Min: 28.00 (0.39)
		Histogram:
		[        0:      7.2)  0 ( 0.0%) |
		[      7.2:       14)  0 ( 0.0%) |
		[       14:       22)  0 ( 0.0%) |
		[       22:       29) 11 (100.0%) |************************************************
		[       29:       36)  0 ( 0.0%) |
		[       36:       43)  0 ( 0.0%) |
		[       43:       50)  0 ( 0.0%) |
		[       50:       58)  0 ( 0.0%) |
		[       58:       65)  0 ( 0.0%) |
		[       65:       72)  0 ( 0.0%) |

