#Packing pin usage report
Type: io
	Input Pin Usage:
		Max: 1.00 (0.50)
		Avg: 0.50 (0.25)
		Min: 0.00 (0.00)
		Histogram:
		[        0:      0.2) 168 (50.0%) |***********************************************
		[      0.2:      0.4)   0 ( 0.0%) |
		[      0.4:      0.6)   0 ( 0.0%) |
		[      0.6:      0.8)   0 ( 0.0%) |
		[      0.8:        1) 168 (50.0%) |***********************************************
		[        1:      1.2)   0 ( 0.0%) |
		[      1.2:      1.4)   0 ( 0.0%) |
		[      1.4:      1.6)   0 ( 0.0%) |
		[      1.6:      1.8)   0 ( 0.0%) |
		[      1.8:        2)   0 ( 0.0%) |
	Output Pin Usage:
		Max: 1.00 (1.00)
		Avg: 0.50 (0.50)
		Min: 0.00 (0.00)
		Histogram:
		[        0:      0.1) 168 (50.0%) |***********************************************
		[      0.1:      0.2)   0 ( 0.0%) |
		[      0.2:      0.3)   0 ( 0.0%) |
		[      0.3:      0.4)   0 ( 0.0%) |
		[      0.4:      0.5)   0 ( 0.0%) |
		[      0.5:      0.6)   0 ( 0.0%) |
		[      0.6:      0.7)   0 ( 0.0%) |
		[      0.7:      0.8)   0 ( 0.0%) |
		[      0.8:      0.9)   0 ( 0.0%) |
		[      0.9:        1) 168 (50.0%) |***********************************************

Type: clb
	Input Pin Usage:
		Max: 32.00 (0.78)
		Avg: 19.60 (0.48)
		Min: 2.00 (0.05)
		Histogram:
		[        0:      4.1)  3 ( 2.9%) |****
		[      4.1:      8.2)  2 ( 1.9%) |***
		[      8.2:       12)  3 ( 2.9%) |****
		[       12:       16) 19 (18.3%) |*************************
		[       16:       20) 26 (25.0%) |***********************************
		[       20:       25) 36 (34.6%) |************************************************
		[       25:       29) 12 (11.5%) |****************
		[       29:       33)  3 ( 2.9%) |****
		[       33:       37)  0 ( 0.0%) |
		[       37:       41)  0 ( 0.0%) |
	Output Pin Usage:
		Max: 20.00 (1.00)
		Avg: 9.83 (0.49)
		Min: 1.00 (0.05)
		Histogram:
		[        0:        2)  5 ( 4.8%) |*********
		[        2:        4)  3 ( 2.9%) |*****
		[        4:        6)  9 ( 8.7%) |***************
		[        6:        8) 28 (26.9%) |************************************************
		[        8:       10) 21 (20.2%) |************************************
		[       10:       12) 15 (14.4%) |**************************
		[       12:       14)  8 ( 7.7%) |**************
		[       14:       16)  4 ( 3.8%) |*******
		[       16:       18)  8 ( 7.7%) |**************
		[       18:       20)  3 ( 2.9%) |*****

Type: mult_36
	Input Pin Usage:
		Max: 28.00 (0.39)
		Avg: 28.00 (0.39)
		Min: 28.00 (0.39)
		Histogram:
		[        0:      7.2) 0 ( 0.0%) |
		[      7.2:       14) 0 ( 0.0%) |
		[       14:       22) 0 ( 0.0%) |
		[       22:       29) 3 (100.0%) |*************************************************
		[       29:       36) 0 ( 0.0%) |
		[       36:       43) 0 ( 0.0%) |
		[       43:       50) 0 ( 0.0%) |
		[       50:       58) 0 ( 0.0%) |
		[       58:       65) 0 ( 0.0%) |
		[       65:       72) 0 ( 0.0%) |
	Output Pin Usage:
		Max: 28.00 (0.39)
		Avg: 28.00 (0.39)
		Min: 28.00 (0.39)
		Histogram:
		[        0:      7.2) 0 ( 0.0%) |
		[      7.2:       14) 0 ( 0.0%) |
		[       14:       22) 0 ( 0.0%) |
		[       22:       29) 3 (100.0%) |*************************************************
		[       29:       36) 0 ( 0.0%) |
		[       36:       43) 0 ( 0.0%) |
		[       43:       50) 0 ( 0.0%) |
		[       50:       58) 0 ( 0.0%) |
		[       58:       65) 0 ( 0.0%) |
		[       65:       72) 0 ( 0.0%) |

