#Packing pin usage report
Type: io
	Input Pin Usage:
		Max: 1.00 (0.50)
		Avg: 0.55 (0.27)
		Min: 0.00 (0.00)
		Histogram:
		[        0:      0.2) 50 (45.5%) |****************************************
		[      0.2:      0.4)  0 ( 0.0%) |
		[      0.4:      0.6)  0 ( 0.0%) |
		[      0.6:      0.8)  0 ( 0.0%) |
		[      0.8:        1) 60 (54.5%) |************************************************
		[        1:      1.2)  0 ( 0.0%) |
		[      1.2:      1.4)  0 ( 0.0%) |
		[      1.4:      1.6)  0 ( 0.0%) |
		[      1.6:      1.8)  0 ( 0.0%) |
		[      1.8:        2)  0 ( 0.0%) |
	Output Pin Usage:
		Max: 1.00 (1.00)
		Avg: 0.45 (0.45)
		Min: 0.00 (0.00)
		Histogram:
		[        0:      0.1) 60 (54.5%) |************************************************
		[      0.1:      0.2)  0 ( 0.0%) |
		[      0.2:      0.3)  0 ( 0.0%) |
		[      0.3:      0.4)  0 ( 0.0%) |
		[      0.4:      0.5)  0 ( 0.0%) |
		[      0.5:      0.6)  0 ( 0.0%) |
		[      0.6:      0.7)  0 ( 0.0%) |
		[      0.7:      0.8)  0 ( 0.0%) |
		[      0.8:      0.9)  0 ( 0.0%) |
		[      0.9:        1) 50 (45.5%) |****************************************

Type: clb
	Input Pin Usage:
		Max: 20.00 (0.49)
		Avg: 12.71 (0.31)
		Min: 2.00 (0.05)
		Histogram:
		[        0:      4.1) 4 (19.0%) |**********************
		[      4.1:      8.2) 1 ( 4.8%) |*****
		[      8.2:       12) 6 (28.6%) |*********************************
		[       12:       16) 1 ( 4.8%) |*****
		[       16:       20) 9 (42.9%) |*************************************************
		[       20:       25) 0 ( 0.0%) |
		[       25:       29) 0 ( 0.0%) |
		[       29:       33) 0 ( 0.0%) |
		[       33:       37) 0 ( 0.0%) |
		[       37:       41) 0 ( 0.0%) |
	Output Pin Usage:
		Max: 15.00 (0.75)
		Avg: 7.38 (0.37)
		Min: 1.00 (0.05)
		Histogram:
		[        0:        2) 5 (23.8%) |*************************************************
		[        2:        4) 1 ( 4.8%) |**********
		[        4:        6) 1 ( 4.8%) |**********
		[        6:        8) 5 (23.8%) |*************************************************
		[        8:       10) 3 (14.3%) |*****************************
		[       10:       12) 4 (19.0%) |***************************************
		[       12:       14) 1 ( 4.8%) |**********
		[       14:       16) 1 ( 4.8%) |**********
		[       16:       18) 0 ( 0.0%) |
		[       18:       20) 0 ( 0.0%) |

Type: mult_36
	Input Pin Usage:
		Max: 10.00 (0.14)
		Avg: 10.00 (0.14)
		Min: 10.00 (0.14)
		Histogram:
		[        0:      7.2) 0 ( 0.0%) |
		[      7.2:       14) 1 (100.0%) |**************************************************
		[       14:       22) 0 ( 0.0%) |
		[       22:       29) 0 ( 0.0%) |
		[       29:       36) 0 ( 0.0%) |
		[       36:       43) 0 ( 0.0%) |
		[       43:       50) 0 ( 0.0%) |
		[       50:       58) 0 ( 0.0%) |
		[       58:       65) 0 ( 0.0%) |
		[       65:       72) 0 ( 0.0%) |
	Output Pin Usage:
		Max: 10.00 (0.14)
		Avg: 10.00 (0.14)
		Min: 10.00 (0.14)
		Histogram:
		[        0:      7.2) 0 ( 0.0%) |
		[      7.2:       14) 1 (100.0%) |**************************************************
		[       14:       22) 0 ( 0.0%) |
		[       22:       29) 0 ( 0.0%) |
		[       29:       36) 0 ( 0.0%) |
		[       36:       43) 0 ( 0.0%) |
		[       43:       50) 0 ( 0.0%) |
		[       50:       58) 0 ( 0.0%) |
		[       58:       65) 0 ( 0.0%) |
		[       65:       72) 0 ( 0.0%) |

