#Packing pin usage report
Type: io
	Input Pin Usage:
		Max: 1.00 (0.50)
		Avg: 0.67 (0.33)
		Min: 0.00 (0.00)
		Histogram:
		[        0:      0.2) 140 (33.3%) |************************
		[      0.2:      0.4)   0 ( 0.0%) |
		[      0.4:      0.6)   0 ( 0.0%) |
		[      0.6:      0.8)   0 ( 0.0%) |
		[      0.8:        1) 280 (66.7%) |***********************************************
		[        1:      1.2)   0 ( 0.0%) |
		[      1.2:      1.4)   0 ( 0.0%) |
		[      1.4:      1.6)   0 ( 0.0%) |
		[      1.6:      1.8)   0 ( 0.0%) |
		[      1.8:        2)   0 ( 0.0%) |
	Output Pin Usage:
		Max: 1.00 (1.00)
		Avg: 0.33 (0.33)
		Min: 0.00 (0.00)
		Histogram:
		[        0:      0.1) 280 (66.7%) |***********************************************
		[      0.1:      0.2)   0 ( 0.0%) |
		[      0.2:      0.3)   0 ( 0.0%) |
		[      0.3:      0.4)   0 ( 0.0%) |
		[      0.4:      0.5)   0 ( 0.0%) |
		[      0.5:      0.6)   0 ( 0.0%) |
		[      0.6:      0.7)   0 ( 0.0%) |
		[      0.7:      0.8)   0 ( 0.0%) |
		[      0.8:      0.9)   0 ( 0.0%) |
		[      0.9:        1) 140 (33.3%) |************************

Type: clb
	Input Pin Usage:
		Max: 32.00 (0.78)
		Avg: 20.55 (0.50)
		Min: 2.00 (0.05)
		Histogram:
		[        0:      4.1)  2 ( 2.0%) |***
		[      4.1:      8.2)  1 ( 1.0%) |*
		[      8.2:       12)  3 ( 2.9%) |****
		[       12:       16)  9 ( 8.8%) |************
		[       16:       20) 36 (35.3%) |************************************************
		[       20:       25) 30 (29.4%) |****************************************
		[       25:       29) 18 (17.6%) |************************
		[       29:       33)  3 ( 2.9%) |****
		[       33:       37)  0 ( 0.0%) |
		[       37:       41)  0 ( 0.0%) |
	Output Pin Usage:
		Max: 20.00 (1.00)
		Avg: 10.31 (0.52)
		Min: 1.00 (0.05)
		Histogram:
		[        0:        2)  3 ( 2.9%) |*****
		[        2:        4)  1 ( 1.0%) |**
		[        4:        6)  3 ( 2.9%) |*****
		[        6:        8) 30 (29.4%) |************************************************
		[        8:       10) 30 (29.4%) |************************************************
		[       10:       12) 11 (10.8%) |******************
		[       12:       14)  3 ( 2.9%) |*****
		[       14:       16)  9 ( 8.8%) |**************
		[       16:       18)  9 ( 8.8%) |**************
		[       18:       20)  3 ( 2.9%) |*****

Type: mult_36
	Input Pin Usage:
		Max: 56.00 (0.78)
		Avg: 42.00 (0.58)
		Min: 28.00 (0.39)
		Histogram:
		[        0:      7.2) 0 ( 0.0%) |
		[      7.2:       14) 0 ( 0.0%) |
		[       14:       22) 0 ( 0.0%) |
		[       22:       29) 2 (50.0%) |*************************************************
		[       29:       36) 0 ( 0.0%) |
		[       36:       43) 0 ( 0.0%) |
		[       43:       50) 0 ( 0.0%) |
		[       50:       58) 2 (50.0%) |*************************************************
		[       58:       65) 0 ( 0.0%) |
		[       65:       72) 0 ( 0.0%) |
	Output Pin Usage:
		Max: 56.00 (0.78)
		Avg: 42.00 (0.58)
		Min: 28.00 (0.39)
		Histogram:
		[        0:      7.2) 0 ( 0.0%) |
		[      7.2:       14) 0 ( 0.0%) |
		[       14:       22) 0 ( 0.0%) |
		[       22:       29) 2 (50.0%) |*************************************************
		[       29:       36) 0 ( 0.0%) |
		[       36:       43) 0 ( 0.0%) |
		[       43:       50) 0 ( 0.0%) |
		[       50:       58) 2 (50.0%) |*************************************************
		[       58:       65) 0 ( 0.0%) |
		[       65:       72) 0 ( 0.0%) |

