#Packing pin usage report
Type: io
	Input Pin Usage:
		Max: 1.00 (0.50)
		Avg: 0.50 (0.25)
		Min: 0.00 (0.00)
		Histogram:
		[        0:      0.2) 200 (50.0%) |***********************************************
		[      0.2:      0.4)   0 ( 0.0%) |
		[      0.4:      0.6)   0 ( 0.0%) |
		[      0.6:      0.8)   0 ( 0.0%) |
		[      0.8:        1) 200 (50.0%) |***********************************************
		[        1:      1.2)   0 ( 0.0%) |
		[      1.2:      1.4)   0 ( 0.0%) |
		[      1.4:      1.6)   0 ( 0.0%) |
		[      1.6:      1.8)   0 ( 0.0%) |
		[      1.8:        2)   0 ( 0.0%) |
	Output Pin Usage:
		Max: 1.00 (1.00)
		Avg: 0.50 (0.50)
		Min: 0.00 (0.00)
		Histogram:
		[        0:      0.1) 200 (50.0%) |***********************************************
		[      0.1:      0.2)   0 ( 0.0%) |
		[      0.2:      0.3)   0 ( 0.0%) |
		[      0.3:      0.4)   0 ( 0.0%) |
		[      0.4:      0.5)   0 ( 0.0%) |
		[      0.5:      0.6)   0 ( 0.0%) |
		[      0.6:      0.7)   0 ( 0.0%) |
		[      0.7:      0.8)   0 ( 0.0%) |
		[      0.8:      0.9)   0 ( 0.0%) |
		[      0.9:        1) 200 (50.0%) |***********************************************

Type: clb
	Input Pin Usage:
		Max: 20.00 (0.49)
		Avg: 12.53 (0.31)
		Min: 2.00 (0.05)
		Histogram:
		[        0:      4.1)  6 (20.0%) |*********************
		[      4.1:      8.2)  0 ( 0.0%) |
		[      8.2:       12) 10 (33.3%) |**********************************
		[       12:       16)  0 ( 0.0%) |
		[       16:       20) 14 (46.7%) |************************************************
		[       20:       25)  0 ( 0.0%) |
		[       25:       29)  0 ( 0.0%) |
		[       29:       33)  0 ( 0.0%) |
		[       33:       37)  0 ( 0.0%) |
		[       37:       41)  0 ( 0.0%) |
	Output Pin Usage:
		Max: 12.00 (0.60)
		Avg: 6.93 (0.35)
		Min: 1.00 (0.05)
		Histogram:
		[        0:        2)  6 (20.0%) |**************************
		[        2:        4)  3 (10.0%) |*************
		[        4:        6)  0 ( 0.0%) |
		[        6:        8) 11 (36.7%) |************************************************
		[        8:       10)  3 (10.0%) |*************
		[       10:       12)  7 (23.3%) |*******************************
		[       12:       14)  0 ( 0.0%) |
		[       14:       16)  0 ( 0.0%) |
		[       16:       18)  0 ( 0.0%) |
		[       18:       20)  0 ( 0.0%) |

Type: mult_36
	Input Pin Usage:
		Max: 10.00 (0.14)
		Avg: 10.00 (0.14)
		Min: 10.00 (0.14)
		Histogram:
		[        0:      7.2)  0 ( 0.0%) |
		[      7.2:       14) 13 (100.0%) |************************************************
		[       14:       22)  0 ( 0.0%) |
		[       22:       29)  0 ( 0.0%) |
		[       29:       36)  0 ( 0.0%) |
		[       36:       43)  0 ( 0.0%) |
		[       43:       50)  0 ( 0.0%) |
		[       50:       58)  0 ( 0.0%) |
		[       58:       65)  0 ( 0.0%) |
		[       65:       72)  0 ( 0.0%) |
	Output Pin Usage:
		Max: 10.00 (0.14)
		Avg: 10.00 (0.14)
		Min: 10.00 (0.14)
		Histogram:
		[        0:      7.2)  0 ( 0.0%) |
		[      7.2:       14) 13 (100.0%) |************************************************
		[       14:       22)  0 ( 0.0%) |
		[       22:       29)  0 ( 0.0%) |
		[       29:       36)  0 ( 0.0%) |
		[       36:       43)  0 ( 0.0%) |
		[       43:       50)  0 ( 0.0%) |
		[       50:       58)  0 ( 0.0%) |
		[       58:       65)  0 ( 0.0%) |
		[       65:       72)  0 ( 0.0%) |

