#Packing pin usage report
Type: io
	Input Pin Usage:
		Max: 1.00 (0.50)
		Avg: 0.67 (0.33)
		Min: 0.00 (0.00)
		Histogram:
		[        0:      0.2) 140 (33.3%) |************************
		[      0.2:      0.4)   0 ( 0.0%) |
		[      0.4:      0.6)   0 ( 0.0%) |
		[      0.6:      0.8)   0 ( 0.0%) |
		[      0.8:        1) 280 (66.7%) |***********************************************
		[        1:      1.2)   0 ( 0.0%) |
		[      1.2:      1.4)   0 ( 0.0%) |
		[      1.4:      1.6)   0 ( 0.0%) |
		[      1.6:      1.8)   0 ( 0.0%) |
		[      1.8:        2)   0 ( 0.0%) |
	Output Pin Usage:
		Max: 1.00 (1.00)
		Avg: 0.33 (0.33)
		Min: 0.00 (0.00)
		Histogram:
		[        0:      0.1) 280 (66.7%) |***********************************************
		[      0.1:      0.2)   0 ( 0.0%) |
		[      0.2:      0.3)   0 ( 0.0%) |
		[      0.3:      0.4)   0 ( 0.0%) |
		[      0.4:      0.5)   0 ( 0.0%) |
		[      0.5:      0.6)   0 ( 0.0%) |
		[      0.6:      0.7)   0 ( 0.0%) |
		[      0.7:      0.8)   0 ( 0.0%) |
		[      0.8:      0.9)   0 ( 0.0%) |
		[      0.9:        1) 140 (33.3%) |************************

Type: clb
	Input Pin Usage:
		Max: 32.00 (0.78)
		Avg: 20.82 (0.51)
		Min: 2.00 (0.05)
		Histogram:
		[        0:      4.1)  5 ( 2.5%) |***
		[      4.1:      8.2)  2 ( 1.0%) |*
		[      8.2:       12)  2 ( 1.0%) |*
		[       12:       16) 20 ( 9.8%) |************
		[       16:       20) 57 (27.9%) |***********************************
		[       20:       25) 78 (38.2%) |************************************************
		[       25:       29) 31 (15.2%) |*******************
		[       29:       33)  9 ( 4.4%) |******
		[       33:       37)  0 ( 0.0%) |
		[       37:       41)  0 ( 0.0%) |
	Output Pin Usage:
		Max: 20.00 (1.00)
		Avg: 10.40 (0.52)
		Min: 1.00 (0.05)
		Histogram:
		[        0:        2)  6 ( 2.9%) |*****
		[        2:        4)  0 ( 0.0%) |
		[        4:        6) 19 ( 9.3%) |***************
		[        6:        8) 61 (29.9%) |************************************************
		[        8:       10) 40 (19.6%) |*******************************
		[       10:       12) 19 ( 9.3%) |***************
		[       12:       14) 18 ( 8.8%) |**************
		[       14:       16) 11 ( 5.4%) |*********
		[       16:       18) 22 (10.8%) |*****************
		[       18:       20)  8 ( 3.9%) |******

Type: mult_36
	Input Pin Usage:
		Max: 56.00 (0.78)
		Avg: 42.00 (0.58)
		Min: 28.00 (0.39)
		Histogram:
		[        0:      7.2) 0 ( 0.0%) |
		[      7.2:       14) 0 ( 0.0%) |
		[       14:       22) 0 ( 0.0%) |
		[       22:       29) 1 (50.0%) |**************************************************
		[       29:       36) 0 ( 0.0%) |
		[       36:       43) 0 ( 0.0%) |
		[       43:       50) 0 ( 0.0%) |
		[       50:       58) 1 (50.0%) |**************************************************
		[       58:       65) 0 ( 0.0%) |
		[       65:       72) 0 ( 0.0%) |
	Output Pin Usage:
		Max: 56.00 (0.78)
		Avg: 42.00 (0.58)
		Min: 28.00 (0.39)
		Histogram:
		[        0:      7.2) 0 ( 0.0%) |
		[      7.2:       14) 0 ( 0.0%) |
		[       14:       22) 0 ( 0.0%) |
		[       22:       29) 1 (50.0%) |**************************************************
		[       29:       36) 0 ( 0.0%) |
		[       36:       43) 0 ( 0.0%) |
		[       43:       50) 0 ( 0.0%) |
		[       50:       58) 1 (50.0%) |**************************************************
		[       58:       65) 0 ( 0.0%) |
		[       65:       72) 0 ( 0.0%) |

