#Packing pin usage report
Type: io
	Input Pin Usage:
		Max: 1.00 (0.50)
		Avg: 0.55 (0.27)
		Min: 0.00 (0.00)
		Histogram:
		[        0:      0.2) 50 (45.5%) |****************************************
		[      0.2:      0.4)  0 ( 0.0%) |
		[      0.4:      0.6)  0 ( 0.0%) |
		[      0.6:      0.8)  0 ( 0.0%) |
		[      0.8:        1) 60 (54.5%) |************************************************
		[        1:      1.2)  0 ( 0.0%) |
		[      1.2:      1.4)  0 ( 0.0%) |
		[      1.4:      1.6)  0 ( 0.0%) |
		[      1.6:      1.8)  0 ( 0.0%) |
		[      1.8:        2)  0 ( 0.0%) |
	Output Pin Usage:
		Max: 1.00 (1.00)
		Avg: 0.45 (0.45)
		Min: 0.00 (0.00)
		Histogram:
		[        0:      0.1) 60 (54.5%) |************************************************
		[      0.1:      0.2)  0 ( 0.0%) |
		[      0.2:      0.3)  0 ( 0.0%) |
		[      0.3:      0.4)  0 ( 0.0%) |
		[      0.4:      0.5)  0 ( 0.0%) |
		[      0.5:      0.6)  0 ( 0.0%) |
		[      0.6:      0.7)  0 ( 0.0%) |
		[      0.7:      0.8)  0 ( 0.0%) |
		[      0.8:      0.9)  0 ( 0.0%) |
		[      0.9:        1) 50 (45.5%) |****************************************

Type: clb
	Input Pin Usage:
		Max: 21.00 (0.51)
		Avg: 13.25 (0.32)
		Min: 2.00 (0.05)
		Histogram:
		[        0:      4.1) 3 (12.5%) |****************
		[      4.1:      8.2) 0 ( 0.0%) |
		[      8.2:       12) 9 (37.5%) |*************************************************
		[       12:       16) 2 ( 8.3%) |***********
		[       16:       20) 8 (33.3%) |********************************************
		[       20:       25) 2 ( 8.3%) |***********
		[       25:       29) 0 ( 0.0%) |
		[       29:       33) 0 ( 0.0%) |
		[       33:       37) 0 ( 0.0%) |
		[       37:       41) 0 ( 0.0%) |
	Output Pin Usage:
		Max: 14.00 (0.70)
		Avg: 7.62 (0.38)
		Min: 1.00 (0.05)
		Histogram:
		[        0:        2) 3 (12.5%) |****************
		[        2:        4) 2 ( 8.3%) |***********
		[        4:        6) 0 ( 0.0%) |
		[        6:        8) 9 (37.5%) |*************************************************
		[        8:       10) 5 (20.8%) |***************************
		[       10:       12) 4 (16.7%) |**********************
		[       12:       14) 1 ( 4.2%) |*****
		[       14:       16) 0 ( 0.0%) |
		[       16:       18) 0 ( 0.0%) |
		[       18:       20) 0 ( 0.0%) |

