#Packing pin usage report
Type: io
	Input Pin Usage:
		Max: 1.00 (0.50)
		Avg: 0.50 (0.25)
		Min: 0.00 (0.00)
		Histogram:
		[        0:      0.2) 560 (50.0%) |***********************************************
		[      0.2:      0.4)   0 ( 0.0%) |
		[      0.4:      0.6)   0 ( 0.0%) |
		[      0.6:      0.8)   0 ( 0.0%) |
		[      0.8:        1) 560 (50.0%) |***********************************************
		[        1:      1.2)   0 ( 0.0%) |
		[      1.2:      1.4)   0 ( 0.0%) |
		[      1.4:      1.6)   0 ( 0.0%) |
		[      1.6:      1.8)   0 ( 0.0%) |
		[      1.8:        2)   0 ( 0.0%) |
	Output Pin Usage:
		Max: 1.00 (1.00)
		Avg: 0.50 (0.50)
		Min: 0.00 (0.00)
		Histogram:
		[        0:      0.1) 560 (50.0%) |***********************************************
		[      0.1:      0.2)   0 ( 0.0%) |
		[      0.2:      0.3)   0 ( 0.0%) |
		[      0.3:      0.4)   0 ( 0.0%) |
		[      0.4:      0.5)   0 ( 0.0%) |
		[      0.5:      0.6)   0 ( 0.0%) |
		[      0.6:      0.7)   0 ( 0.0%) |
		[      0.7:      0.8)   0 ( 0.0%) |
		[      0.8:      0.9)   0 ( 0.0%) |
		[      0.9:        1) 560 (50.0%) |***********************************************

Type: clb
	Input Pin Usage:
		Max: 32.00 (0.78)
		Avg: 19.80 (0.48)
		Min: 2.00 (0.05)
		Histogram:
		[        0:      4.1)  3 ( 2.1%) |***
		[      4.1:      8.2)  3 ( 2.1%) |***
		[      8.2:       12)  3 ( 2.1%) |***
		[       12:       16) 21 (15.0%) |*********************
		[       16:       20) 39 (27.9%) |****************************************
		[       20:       25) 47 (33.6%) |************************************************
		[       25:       29) 19 (13.6%) |*******************
		[       29:       33)  5 ( 3.6%) |*****
		[       33:       37)  0 ( 0.0%) |
		[       37:       41)  0 ( 0.0%) |
	Output Pin Usage:
		Max: 19.00 (0.95)
		Avg: 9.93 (0.50)
		Min: 1.00 (0.05)
		Histogram:
		[        0:        2)  6 ( 4.3%) |********
		[        2:        4)  3 ( 2.1%) |****
		[        4:        6)  9 ( 6.4%) |************
		[        6:        8) 35 (25.0%) |************************************************
		[        8:       10) 33 (23.6%) |*********************************************
		[       10:       12) 20 (14.3%) |***************************
		[       12:       14) 13 ( 9.3%) |******************
		[       14:       16) 12 ( 8.6%) |****************
		[       16:       18)  8 ( 5.7%) |***********
		[       18:       20)  1 ( 0.7%) |*

Type: mult_36
	Input Pin Usage:
		Max: 28.00 (0.39)
		Avg: 28.00 (0.39)
		Min: 28.00 (0.39)
		Histogram:
		[        0:      7.2)  0 ( 0.0%) |
		[      7.2:       14)  0 ( 0.0%) |
		[       14:       22)  0 ( 0.0%) |
		[       22:       29) 16 (100.0%) |************************************************
		[       29:       36)  0 ( 0.0%) |
		[       36:       43)  0 ( 0.0%) |
		[       43:       50)  0 ( 0.0%) |
		[       50:       58)  0 ( 0.0%) |
		[       58:       65)  0 ( 0.0%) |
		[       65:       72)  0 ( 0.0%) |
	Output Pin Usage:
		Max: 28.00 (0.39)
		Avg: 28.00 (0.39)
		Min: 28.00 (0.39)
		Histogram:
		[        0:      7.2)  0 ( 0.0%) |
		[      7.2:       14)  0 ( 0.0%) |
		[       14:       22)  0 ( 0.0%) |
		[       22:       29) 16 (100.0%) |************************************************
		[       29:       36)  0 ( 0.0%) |
		[       36:       43)  0 ( 0.0%) |
		[       43:       50)  0 ( 0.0%) |
		[       50:       58)  0 ( 0.0%) |
		[       58:       65)  0 ( 0.0%) |
		[       65:       72)  0 ( 0.0%) |

