#Packing pin usage report
Type: io
	Input Pin Usage:
		Max: 1.00 (0.50)
		Avg: 0.50 (0.25)
		Min: 0.00 (0.00)
		Histogram:
		[        0:      0.2) 200 (50.0%) |***********************************************
		[      0.2:      0.4)   0 ( 0.0%) |
		[      0.4:      0.6)   0 ( 0.0%) |
		[      0.6:      0.8)   0 ( 0.0%) |
		[      0.8:        1) 200 (50.0%) |***********************************************
		[        1:      1.2)   0 ( 0.0%) |
		[      1.2:      1.4)   0 ( 0.0%) |
		[      1.4:      1.6)   0 ( 0.0%) |
		[      1.6:      1.8)   0 ( 0.0%) |
		[      1.8:        2)   0 ( 0.0%) |
	Output Pin Usage:
		Max: 1.00 (1.00)
		Avg: 0.50 (0.50)
		Min: 0.00 (0.00)
		Histogram:
		[        0:      0.1) 200 (50.0%) |***********************************************
		[      0.1:      0.2)   0 ( 0.0%) |
		[      0.2:      0.3)   0 ( 0.0%) |
		[      0.3:      0.4)   0 ( 0.0%) |
		[      0.4:      0.5)   0 ( 0.0%) |
		[      0.5:      0.6)   0 ( 0.0%) |
		[      0.6:      0.7)   0 ( 0.0%) |
		[      0.7:      0.8)   0 ( 0.0%) |
		[      0.8:      0.9)   0 ( 0.0%) |
		[      0.9:        1) 200 (50.0%) |***********************************************

Type: clb
	Input Pin Usage:
		Max: 20.00 (0.49)
		Avg: 12.36 (0.30)
		Min: 2.00 (0.05)
		Histogram:
		[        0:      4.1) 17 (20.2%) |*********************
		[      4.1:      8.2)  0 ( 0.0%) |
		[      8.2:       12) 29 (34.5%) |*************************************
		[       12:       16)  0 ( 0.0%) |
		[       16:       20) 38 (45.2%) |************************************************
		[       20:       25)  0 ( 0.0%) |
		[       25:       29)  0 ( 0.0%) |
		[       29:       33)  0 ( 0.0%) |
		[       33:       37)  0 ( 0.0%) |
		[       37:       41)  0 ( 0.0%) |
	Output Pin Usage:
		Max: 13.00 (0.65)
		Avg: 7.04 (0.35)
		Min: 1.00 (0.05)
		Histogram:
		[        0:        2) 17 (20.2%) |**********************************
		[        2:        4) 10 (11.9%) |********************
		[        4:        6)  0 ( 0.0%) |
		[        6:        8) 24 (28.6%) |************************************************
		[        8:       10) 11 (13.1%) |**********************
		[       10:       12) 18 (21.4%) |************************************
		[       12:       14)  4 ( 4.8%) |********
		[       14:       16)  0 ( 0.0%) |
		[       16:       18)  0 ( 0.0%) |
		[       18:       20)  0 ( 0.0%) |

Type: mult_36
	Input Pin Usage:
		Max: 10.00 (0.14)
		Avg: 10.00 (0.14)
		Min: 10.00 (0.14)
		Histogram:
		[        0:      7.2) 0 ( 0.0%) |
		[      7.2:       14) 1 (100.0%) |**************************************************
		[       14:       22) 0 ( 0.0%) |
		[       22:       29) 0 ( 0.0%) |
		[       29:       36) 0 ( 0.0%) |
		[       36:       43) 0 ( 0.0%) |
		[       43:       50) 0 ( 0.0%) |
		[       50:       58) 0 ( 0.0%) |
		[       58:       65) 0 ( 0.0%) |
		[       65:       72) 0 ( 0.0%) |
	Output Pin Usage:
		Max: 10.00 (0.14)
		Avg: 10.00 (0.14)
		Min: 10.00 (0.14)
		Histogram:
		[        0:      7.2) 0 ( 0.0%) |
		[      7.2:       14) 1 (100.0%) |**************************************************
		[       14:       22) 0 ( 0.0%) |
		[       22:       29) 0 ( 0.0%) |
		[       29:       36) 0 ( 0.0%) |
		[       36:       43) 0 ( 0.0%) |
		[       43:       50) 0 ( 0.0%) |
		[       50:       58) 0 ( 0.0%) |
		[       58:       65) 0 ( 0.0%) |
		[       65:       72) 0 ( 0.0%) |

