#Packing pin usage report
Type: io
	Input Pin Usage:
		Max: 1.00 (0.50)
		Avg: 0.67 (0.33)
		Min: 0.00 (0.00)
		Histogram:
		[        0:      0.2) 230 (33.3%) |************************
		[      0.2:      0.4)   0 ( 0.0%) |
		[      0.4:      0.6)   0 ( 0.0%) |
		[      0.6:      0.8)   0 ( 0.0%) |
		[      0.8:        1) 460 (66.7%) |***********************************************
		[        1:      1.2)   0 ( 0.0%) |
		[      1.2:      1.4)   0 ( 0.0%) |
		[      1.4:      1.6)   0 ( 0.0%) |
		[      1.6:      1.8)   0 ( 0.0%) |
		[      1.8:        2)   0 ( 0.0%) |
	Output Pin Usage:
		Max: 1.00 (1.00)
		Avg: 0.33 (0.33)
		Min: 0.00 (0.00)
		Histogram:
		[        0:      0.1) 460 (66.7%) |***********************************************
		[      0.1:      0.2)   0 ( 0.0%) |
		[      0.2:      0.3)   0 ( 0.0%) |
		[      0.3:      0.4)   0 ( 0.0%) |
		[      0.4:      0.5)   0 ( 0.0%) |
		[      0.5:      0.6)   0 ( 0.0%) |
		[      0.6:      0.7)   0 ( 0.0%) |
		[      0.7:      0.8)   0 ( 0.0%) |
		[      0.8:      0.9)   0 ( 0.0%) |
		[      0.9:        1) 230 (33.3%) |************************

Type: clb
	Input Pin Usage:
		Max: 32.00 (0.78)
		Avg: 20.64 (0.50)
		Min: 2.00 (0.05)
		Histogram:
		[        0:      4.1)  28 ( 3.5%) |*****
		[      4.1:      8.2)  15 ( 1.9%) |***
		[      8.2:       12)  13 ( 1.6%) |**
		[       12:       16)  57 ( 7.2%) |**********
		[       16:       20) 224 (28.1%) |**************************************
		[       20:       25) 278 (34.9%) |***********************************************
		[       25:       29) 145 (18.2%) |*************************
		[       29:       33)  37 ( 4.6%) |******
		[       33:       37)   0 ( 0.0%) |
		[       37:       41)   0 ( 0.0%) |
	Output Pin Usage:
		Max: 20.00 (1.00)
		Avg: 9.96 (0.50)
		Min: 1.00 (0.05)
		Histogram:
		[        0:        2)  29 ( 3.6%) |*****
		[        2:        4)  11 ( 1.4%) |**
		[        4:        6)  73 ( 9.2%) |************
		[        6:        8) 277 (34.8%) |***********************************************
		[        8:       10) 154 (19.3%) |**************************
		[       10:       12)  68 ( 8.5%) |************
		[       12:       14)  37 ( 4.6%) |******
		[       14:       16)  44 ( 5.5%) |*******
		[       16:       18)  46 ( 5.8%) |********
		[       18:       20)  58 ( 7.3%) |**********

Type: mult_36
	Input Pin Usage:
		Max: 46.00 (0.64)
		Avg: 46.00 (0.64)
		Min: 46.00 (0.64)
		Histogram:
		[        0:      7.2) 0 ( 0.0%) |
		[      7.2:       14) 0 ( 0.0%) |
		[       14:       22) 0 ( 0.0%) |
		[       22:       29) 0 ( 0.0%) |
		[       29:       36) 0 ( 0.0%) |
		[       36:       43) 0 ( 0.0%) |
		[       43:       50) 1 (100.0%) |**************************************************
		[       50:       58) 0 ( 0.0%) |
		[       58:       65) 0 ( 0.0%) |
		[       65:       72) 0 ( 0.0%) |
	Output Pin Usage:
		Max: 46.00 (0.64)
		Avg: 46.00 (0.64)
		Min: 46.00 (0.64)
		Histogram:
		[        0:      7.2) 0 ( 0.0%) |
		[      7.2:       14) 0 ( 0.0%) |
		[       14:       22) 0 ( 0.0%) |
		[       22:       29) 0 ( 0.0%) |
		[       29:       36) 0 ( 0.0%) |
		[       36:       43) 0 ( 0.0%) |
		[       43:       50) 1 (100.0%) |**************************************************
		[       50:       58) 0 ( 0.0%) |
		[       58:       65) 0 ( 0.0%) |
		[       65:       72) 0 ( 0.0%) |

